生成启动时间为 2023/2/6 19:03:04。
     1>项目“C:\Users\11584\Desktop\Git\ICS2\icsstudio\ICSStudio\ICSStudioUI\ICSStudioUI.vcxproj”在节点 2 上(Build 个目标)。
     1>正在使用工具版本“14.0”进行生成。
     1>来自项目“C:\Users\11584\Desktop\Git\ICS2\icsstudio\ICSStudio\ICSStudioUI\ICSStudioUI.vcxproj”的文件“C:\Program Files (x86)\MSBuild\14.0\bin\Microsoft.Common.CurrentVersion.targets”中的目标“_CheckForInvalidConfigurationAndPlatform”(入口点):
       由于 false 条件，已跳过任务“Error”；( '$(_InvalidConfigurationError)' == 'true' )计算为( '' == 'true' )。
       由于 false 条件，已跳过任务“Warning”；( '$(_InvalidConfigurationWarning)' == 'true' )计算为( '' == 'true' )。
       任务“Message”
         Configuration=Debug
       已完成执行任务“Message”的操作。
       任务“Message”
         Platform=Win32
       已完成执行任务“Message”的操作。
       由于 false 条件，已跳过任务“Error”；('$(OutDir)' != '' and !HasTrailingSlash('$(OutDir)'))计算为('C:\Users\11584\Desktop\Git\ICS2\icsstudio\Debug\1033\' != '' and !HasTrailingSlash('C:\Users\11584\Desktop\Git\ICS2\icsstudio\Debug\1033\'))。
       由于 false 条件，已跳过任务“Error”；('$(BaseIntermediateOutputPath)' != '' and !HasTrailingSlash('$(BaseIntermediateOutputPath)'))计算为('obj\' != '' and !HasTrailingSlash('obj\'))。
       由于 false 条件，已跳过任务“Error”；('$(IntermediateOutputPath)' != '' and !HasTrailingSlash('$(IntermediateOutputPath)'))计算为('Debug\' != '' and !HasTrailingSlash('Debug\'))。
     1>已完成在项目“ICSStudioUI.vcxproj”中生成目标“_CheckForInvalidConfigurationAndPlatform”的操作。
     1>来自项目“C:\Users\11584\Desktop\Git\ICS2\icsstudio\ICSStudio\ICSStudioUI\ICSStudioUI.vcxproj”的文件“C:\Program Files (x86)\MSBuild\Microsoft.Cpp\v4.0\V140\Microsoft.BuildSteps.Targets”中的目标“_PrepareForBuild”(目标“Build”依赖于它):
       由于 false 条件，已跳过任务“CreateItem”；('%(CustomBuild.IncludeFileToTool)'!='')计算为(''!='')。
     1>已完成在项目“ICSStudioUI.vcxproj”中生成目标“_PrepareForBuild”的操作。
     1>来自项目“C:\Users\11584\Desktop\Git\ICS2\icsstudio\ICSStudio\ICSStudioUI\ICSStudioUI.vcxproj”的文件“C:\Program Files (x86)\MSBuild\Microsoft.Cpp\v4.0\V140\Microsoft.CppBuild.targets”中的目标“_PrepareForReferenceResolution”(目标“ResolveReferences”依赖于它):
       由于 false 条件，已跳过任务“Message”；('$(_REFERENCE_DEBUG)'=='true')计算为(''=='true')。
     1>已完成在项目“ICSStudioUI.vcxproj”中生成目标“_PrepareForReferenceResolution”的操作。
       由于条件的计算结果为 false，已跳过目标“ComputeCrtSDKReference”；('@(ClCompile)'!='' and '$(WindowsAppContainer)'=='true' and '$(UseCrtSDKReference)' != 'false')的计算结果为(''!='' and 'false'=='true' and '' != 'false')。
     1>来自项目“C:\Users\11584\Desktop\Git\ICS2\icsstudio\ICSStudio\ICSStudioUI\ICSStudioUI.vcxproj”的文件“C:\Program Files (x86)\MSBuild\14.0\bin\Microsoft.Common.CurrentVersion.targets”中的目标“BeforeResolveReferences”(目标“ResolveReferences”依赖于它):
     1>已完成在项目“ICSStudioUI.vcxproj”中生成目标“BeforeResolveReferences”的操作。
     1>来自项目“C:\Users\11584\Desktop\Git\ICS2\icsstudio\ICSStudio\ICSStudioUI\ICSStudioUI.vcxproj”的文件“C:\Program Files (x86)\MSBuild\14.0\bin\Microsoft.Common.CurrentVersion.targets”中的目标“AssignProjectConfiguration”(目标“ResolveReferences”依赖于它):
       任务“AssignProjectConfiguration”
       已完成执行任务“AssignProjectConfiguration”的操作。
     1>已完成在项目“ICSStudioUI.vcxproj”中生成目标“AssignProjectConfiguration”的操作。
       已跳过目标“AssignProjectConfiguration”。以前的生成已成功。
     1>来自项目“C:\Users\11584\Desktop\Git\ICS2\icsstudio\ICSStudio\ICSStudioUI\ICSStudioUI.vcxproj”的文件“C:\Program Files (x86)\MSBuild\14.0\bin\Microsoft.Common.CurrentVersion.targets”中的目标“_SplitProjectReferencesByFileExistence”(目标“ResolveProjectReferences”依赖于它):
       由于 false 条件，已跳过任务“ResolveNonMSBuildProjectOutput”；('$(BuildingInsideVisualStudio)'=='true' and '@(ProjectReferenceWithConfiguration)'!='')计算为('true'=='true' and ''!='')。
     1>已完成在项目“ICSStudioUI.vcxproj”中生成目标“_SplitProjectReferencesByFileExistence”的操作。
       由于条件的计算结果为 false，已跳过目标“_RemoveNameMetadataFromProjectReferenceItems”；('@(ProjectReference)'!='')的计算结果为(''!='')。
     1>来自项目“C:\Users\11584\Desktop\Git\ICS2\icsstudio\ICSStudio\ICSStudioUI\ICSStudioUI.vcxproj”的文件“C:\Program Files (x86)\MSBuild\14.0\bin\Microsoft.Common.CurrentVersion.targets”中的目标“ResolveProjectReferences”(目标“ResolveReferences”依赖于它):
       由于 false 条件，已跳过任务“MSBuild”；('%(_MSBuildProjectReferenceExistent.BuildReference)' == 'true' and '@(ProjectReferenceWithConfiguration)' != '' and ('$(BuildingInsideVisualStudio)' == 'true' or '$(BuildProjectReferences)' != 'true') and '$(VisualStudioVersion)' != '10.0' and '@(_MSBuildProjectReferenceExistent)' != '')计算为('' == 'true' and '' != '' and ('true' == 'true' or 'true' != 'true') and '14.0' != '10.0' and '' != '')。
       由于 false 条件，已跳过任务“MSBuild”；('%(_MSBuildProjectReferenceExistent.BuildReference)' == 'true' and '@(ProjectReferenceWithConfiguration)' != '' and ('$(BuildingInsideVisualStudio)' == 'true' or '$(BuildProjectReferences)' != 'true') and '$(VisualStudioVersion)' == '10.0' and '@(_MSBuildProjectReferenceExistent)' != '')计算为('' == 'true' and '' != '' and ('true' == 'true' or 'true' != 'true') and '14.0' == '10.0' and '' != '')。
       由于 false 条件，已跳过任务“MSBuild”；('%(_MSBuildProjectReferenceExistent.BuildReference)' == 'true' and '@(ProjectReferenceWithConfiguration)' != '' and '$(BuildingInsideVisualStudio)' != 'true' and '$(BuildProjectReferences)' == 'true' and '@(_MSBuildProjectReferenceExistent)' != '')计算为('' == 'true' and '' != '' and 'true' != 'true' and 'true' == 'true' and '' != '')。
       由于 false 条件，已跳过任务“MSBuild”；('%(_MSBuildProjectReferenceExistent.BuildReference)' == 'true' and '@(ProjectReferenceWithConfiguration)' != '' and '$(BuildingProject)' == 'true' and '@(_MSBuildProjectReferenceExistent)' != '')计算为('' == 'true' and '' != '' and 'true' == 'true' and '' != '')。
       由于 false 条件，已跳过任务“Warning”；('@(ProjectReferenceWithConfiguration)' != '' and '@(_MSBuildProjectReferenceNonexistent)' != '')计算为('' != '' and '' != '')。
     1>已完成在项目“ICSStudioUI.vcxproj”中生成目标“ResolveProjectReferences”的操作。
       由于条件的计算结果为 false，已跳过目标“FindInvalidProjectReferences”；('$(FindInvalidProjectReferences)' == 'true')的计算结果为('' == 'true')。
       由于条件的计算结果为 false，已跳过目标“ResolveNativeReferences”；('@(NativeReference)'!='')的计算结果为(''!='')。
       已跳过目标“_PrepareForReferenceResolution”。以前的生成已成功。
     1>来自项目“C:\Users\11584\Desktop\Git\ICS2\icsstudio\ICSStudio\ICSStudioUI\ICSStudioUI.vcxproj”的文件“C:\Program Files (x86)\MSBuild\14.0\bin\Microsoft.NetFramework.CurrentVersion.targets”中的目标“GetFrameworkPaths”(目标“ResolveAssemblyReferences”依赖于它):
     1>已完成在项目“ICSStudioUI.vcxproj”中生成目标“GetFrameworkPaths”的操作。
       由于条件的计算结果为 false，已跳过目标“GetWinFXPath”；(('@(Page)' != '' or '@(ApplicationDefinition)' != '' or '@(Resource)' != '') and ('$(GetWinFXNativePath)' != '' or '$(GetWinFXWoWPath)' != '' ))的计算结果为(('' != '' or '' != '' or '' != '') and ('' != '' or '' != '' ))。
     1>来自项目“C:\Users\11584\Desktop\Git\ICS2\icsstudio\ICSStudio\ICSStudioUI\ICSStudioUI.vcxproj”的文件“C:\Program Files (x86)\MSBuild\14.0\bin\Microsoft.Common.CurrentVersion.targets”中的目标“GetReferenceAssemblyPaths”(目标“ResolveAssemblyReferences”依赖于它):
       由于 false 条件，已跳过任务“GetReferenceAssemblyPaths”；('$(TargetFrameworkMoniker)' != '' and ('$(_TargetFrameworkDirectories)' == '' or '$(_FullFrameworkReferenceAssemblyPaths)' == ''))计算为('' != '' and ('C:\Program Files (x86)\Reference Assemblies\Microsoft\Framework\.NETFramework\v4.0' == '' or 'C:\Program Files (x86)\Reference Assemblies\Microsoft\Framework\.NETFramework\v4.0' == ''))。
     1>已完成在项目“ICSStudioUI.vcxproj”中生成目标“GetReferenceAssemblyPaths”的操作。
     1>来自项目“C:\Users\11584\Desktop\Git\ICS2\icsstudio\ICSStudio\ICSStudioUI\ICSStudioUI.vcxproj”的文件“C:\Program Files (x86)\MSBuild\Microsoft.Cpp\v4.0\V140\Microsoft.Cpp.Current.targets”中的目标“SetBuildDefaultEnvironmentVariables”(目标“PrepareForBuild”依赖于它):
       正在使用程序集“C:\Program Files (x86)\MSBuild\Microsoft.Cpp\v4.0\V140\Microsoft.Build.CppTasks.Common.dll”中的“SetEnv”任务。
       任务“SetEnv”
         PATH=C:\Program Files (x86)\Microsoft Visual Studio 14.0\VC\bin;C:\Program Files (x86)\Windows Kits\8.1\bin\x86;;C:\Program Files (x86)\Microsoft SDKs\Windows\v10.0A\bin\NETFX 4.6.1 Tools;C:\Program Files (x86)\Microsoft Visual Studio 14.0\Common7\tools;C:\Program Files (x86)\Microsoft Visual Studio 14.0\Common7\ide;C:\Program Files (x86)\HTML Help Workshop;;C:\Program Files (x86)\MSBuild\14.0\bin\;C:\Windows\Microsoft.NET\Framework\v4.0.30319\;C:\Windows\SysWow64;;C:\Program Files (x86)\Microsoft Visual Studio 14.0\Common7\IDE\CommonExtensions\Microsoft\TeamFoundation\Team Explorer\NativeBinaries\x86;C:\Windows\system32;C:\Windows;C:\Windows\System32\Wbem;C:\Windows\System32\WindowsPowerShell\v1.0\;C:\Windows\System32\OpenSSH\;C:\Program Files (x86)\Common Files\Rockwell\;C:\Program Files (x86)\Rockwell Software\RSCommon;C:\Users\11584\.dnx\bin;C:\Program Files\Microsoft DNX\Dnvm\;C:\Program Files\Microsoft SQL Server\120\Tools\Binn\;C:\Program Files\Microsoft SQL Server\130\Tools\Binn\;C:\Program Files (x86)\Microsoft Emulator Manager\1.0\;C:\Program Files\TortoiseGit\bin;C:\Program Files\Git\cmd;C:\Program Files\PuTTY\;C:\Program Files (x86)\Rockwell Automation\Common\Components;C:\Program Files (x86)\Rockwell Software\Logix Designer Tools\Logix Designer Compare Tool\;C:\Program Files\dotnet\;C:\Program Files\nodejs\;C:\Users\11584\AppData\Local\Microsoft\WindowsApps;C:\Users\11584\.dotnet\tools;C:\Users\11584\AppData\Roaming\npm;
       已完成执行任务“SetEnv”的操作。
       任务“SetEnv”
         LIB=C:\Program Files (x86)\Microsoft Visual Studio 14.0\VC\lib;;C:\Program Files (x86)\Microsoft Visual Studio 14.0\VC\atlmfc\lib;;C:\Program Files (x86)\Windows Kits\10\lib\10.0.10240.0\ucrt\x86;;;C:\Program Files (x86)\Windows Kits\8.1\lib\winv6.3\um\x86;;C:\Program Files (x86)\Windows Kits\NETFXSDK\4.6.1\Lib\um\x86
       已完成执行任务“SetEnv”的操作。
       任务“SetEnv”
         LIBPATH=C:\Program Files (x86)\Microsoft Visual Studio 14.0\VC\atlmfc\lib;;C:\Program Files (x86)\Microsoft Visual Studio 14.0\VC\lib;
       已完成执行任务“SetEnv”的操作。
       任务“SetEnv”
         INCLUDE=C:\Program Files (x86)\Microsoft Visual Studio 14.0\VC\include;;C:\Program Files (x86)\Microsoft Visual Studio 14.0\VC\atlmfc\include;;C:\Program Files (x86)\Windows Kits\10\Include\10.0.10240.0\ucrt;;;C:\Program Files (x86)\Windows Kits\8.1\Include\um;C:\Program Files (x86)\Windows Kits\8.1\Include\shared;C:\Program Files (x86)\Windows Kits\8.1\Include\winrt;;
       已完成执行任务“SetEnv”的操作。
     1>已完成在项目“ICSStudioUI.vcxproj”中生成目标“SetBuildDefaultEnvironmentVariables”的操作。
       由于条件的计算结果为 false，已跳过目标“SetUserMacroEnvironmentVariables”；('@(BuildMacro)' != '' and '$(DesignTimeBuild)' != 'true')的计算结果为('' != '' and '' != 'true')。
     1>来自项目“C:\Users\11584\Desktop\Git\ICS2\icsstudio\ICSStudio\ICSStudioUI\ICSStudioUI.vcxproj”的文件“C:\Program Files (x86)\MSBuild\Microsoft.Cpp\v4.0\V140\Microsoft.CppBuild.targets”中的目标“GetResolvedWinMD”(目标“PrepareForBuild”依赖于它):
     1>已完成在项目“ICSStudioUI.vcxproj”中生成目标“GetResolvedWinMD”的操作。
     1>来自项目“C:\Users\11584\Desktop\Git\ICS2\icsstudio\ICSStudio\ICSStudioUI\ICSStudioUI.vcxproj”的文件“C:\Program Files (x86)\MSBuild\Microsoft.Cpp\v4.0\V140\Microsoft.Cpp.Platform.targets”中的目标“PlatformPrepareForBuild”(目标“PrepareForBuild”依赖于它):
       由于 false 条件，已跳过任务“VCMessage”；('$(_Error64bitToolsNotInstalled)' == 'true')计算为('' == 'true')。
       由于 false 条件，已跳过任务“VCMessage”；('$(DesignTimeBuild)'!='true' and '$(_ToolsetFound)' != 'true' and '$(PlatformToolset)' == 'v110')计算为(''!='true' and 'true' != 'true' and 'v140' == 'v110')。
       由于 false 条件，已跳过任务“VCMessage”；('$(DesignTimeBuild)'!='true' and '$(_ToolsetFound)' != 'true' and '$(PlatformToolset)' == 'v100')计算为(''!='true' and 'true' != 'true' and 'v140' == 'v100')。
       由于 false 条件，已跳过任务“VCMessage”；('$(DesignTimeBuild)'!='true' and '$(_ToolsetFound)' != 'true' and '$(PlatformToolset)' == 'v90')计算为(''!='true' and 'true' != 'true' and 'v140' == 'v90')。
       由于 false 条件，已跳过任务“VCMessage”；('$(DesignTimeBuild)'!='true' and '$(_ToolsetFound)' != 'true' and '$(PlatformToolset)' != 'v90' and '$(PlatformToolset)' != 'v100' and '$(PlatformToolset)' != 'v110')计算为(''!='true' and 'true' != 'true' and 'v140' != 'v90' and 'v140' != 'v100' and 'v140' != 'v110')。
     1>已完成在项目“ICSStudioUI.vcxproj”中生成目标“PlatformPrepareForBuild”的操作。
     1>来自项目“C:\Users\11584\Desktop\Git\ICS2\icsstudio\ICSStudio\ICSStudioUI\ICSStudioUI.vcxproj”的文件“C:\Program Files (x86)\MSBuild\Microsoft.Cpp\v4.0\V140\Platforms\Win32\PlatformToolsets\v140\Toolset.targets”中的目标“Desktop_PlatformPrepareForBuild”(目标“PrepareForBuild”依赖于它):
       由于 false 条件，已跳过任务“VCMessage”；($(MissingSDKProps) == 'true')计算为( == 'true')。
     1>已完成在项目“ICSStudioUI.vcxproj”中生成目标“Desktop_PlatformPrepareForBuild”的操作。
       已跳过目标“GetFrameworkPaths”。以前的生成已成功。
       已跳过目标“GetReferenceAssemblyPaths”。以前的生成已成功。
       由于条件的计算结果为 false，已跳过目标“AssignLinkMetadata”；( '$(SynthesizeLinkMetadata)' == 'true' )的计算结果为( '' == 'true' )。
     1>来自项目“C:\Users\11584\Desktop\Git\ICS2\icsstudio\ICSStudio\ICSStudioUI\ICSStudioUI.vcxproj”的文件“C:\Program Files (x86)\MSBuild\Microsoft\VisualStudio\v14.0\CodeAnalysis\Microsoft.CodeAnalysis.targets”中的目标“SetCABuildNativeEnvironmentVariables”(目标“PrepareForBuild”依赖于它):
       正在从程序集“C:\Program Files (x86)\MSBuild\14.0\bin\Microsoft.Build.Tasks.Core.dll”初始化任务工厂“CodeTaskFactory”。
       正在使用来自任务工厂“Code Task Factory”的“SetEnvironmentVariable”任务。
       任务“SetEnvironmentVariable”
       已完成执行任务“SetEnvironmentVariable”的操作。
     1>已完成在项目“ICSStudioUI.vcxproj”中生成目标“SetCABuildNativeEnvironmentVariables”的操作。
     1>来自项目“C:\Users\11584\Desktop\Git\ICS2\icsstudio\ICSStudio\ICSStudioUI\ICSStudioUI.vcxproj”的文件“C:\Program Files (x86)\MSBuild\Microsoft.Cpp\v4.0\V140\Microsoft.CppBuild.targets”中的目标“PrepareForBuild”(目标“ResolveAssemblyReferences”依赖于它):
       由于 false 条件，已跳过任务“VCMessage”；('$(DesignTimeBuild)' != 'true' and '$(ConfigurationPlatformExists)' != 'true')计算为('' != 'true' and 'true' != 'true')。
       任务“MakeDir”
       已完成执行任务“MakeDir”的操作。
       由于 false 条件，已跳过任务“VCMessage”；('$(DesignTimeBuild)'!='true' and '$(WindowsAppContainer)'=='true' and '$(ConfigurationType)'!='Application' and '$(ConfigurationType)'!='DynamicLibrary' and '$(ConfigurationType)'!='StaticLibrary')计算为(''!='true' and 'false'=='true' and 'DynamicLibrary'!='Application' and 'DynamicLibrary'!='DynamicLibrary' and 'DynamicLibrary'!='StaticLibrary')。
       由于 false 条件，已跳过任务“VCMessage”；('$(DesignTimeBuild)'!='true' and '$(VCInstallDir)'=='' and '$(UseEnv)' != 'true' and ('$(TargetFrameworkVersion)'=='v3.5' or '$(TargetFrameworkVersion)'=='v3.0' or '$(TargetFrameworkVersion)'=='v2.0' ))计算为(''!='true' and 'C:\Program Files (x86)\Microsoft Visual Studio 14.0\VC\'=='' and '' != 'true' and ('v4.0'=='v3.5' or 'v4.0'=='v3.0' or 'v4.0'=='v2.0' ))。
       由于 false 条件，已跳过任务“VCMessage”；('$(DesignTimeBuild)'!='true' and '$(VCInstallDir)'=='' and '$(UseEnv)' != 'true' and '$(PlatformToolset)'=='v90')计算为(''!='true' and 'C:\Program Files (x86)\Microsoft Visual Studio 14.0\VC\'=='' and '' != 'true' and 'v140'=='v90')。
       由于 false 条件，已跳过任务“VCMessage”；('$(VCInstallDir)'=='' and '$(UseEnv)' != 'true')计算为('C:\Program Files (x86)\Microsoft Visual Studio 14.0\VC\'=='' and '' != 'true')。
       由于 false 条件，已跳过任务“VCMessage”；('$(WindowsSDKDir)'=='' and '$(UseEnv)' != 'true')计算为('C:\Program Files (x86)\Windows Kits\8.1\'=='' and '' != 'true')。
       由于 false 条件，已跳过任务“VCMessage”；('$(IntDirTrailingSlashWarning)'=='true')计算为(''=='true')。
       由于 false 条件，已跳过任务“VCMessage”；('$(OutDirTrailingSlashWarning)'=='true')计算为(''=='true')。
       由于 false 条件，已跳过任务“VCMessage”；('%(CompatibilityIssues.Identity)' != '' and '$(DesignTimeBuild)'!='true')计算为('' != '' and ''!='true')。
       由于 false 条件，已跳过任务“VCMessage”；('$(_MBCS_Using)' == 'true' and '$(_MBCS_Installed)' != 'true' and '$(DesignTimeBuild)' != 'true')计算为('' == 'true' and '' != 'true' and '' != 'true')。
       由于 false 条件，已跳过任务“VCMessage”；('$(IgnoreWarnIntDirSharingDetected)' != 'true' and '$(IntDirSharingDetected)' == 'true')计算为('' != 'true' and '' == 'true')。
       由于 false 条件，已跳过任务“VCMessage”；('$(IgnoreWarnIntDirInTempDetected)' != 'true' and ('$(_IntDirFullpath.StartsWith($(Tmp), true, null))' == 'true' or '$(_IntDirFullpath.StartsWith($(Temp), true, null))' == 'true' or '$(_OutDirFullpath.StartsWith($(Tmp), true, null))' == 'true' or '$(_OutDirFullpath.StartsWith($(Temp), true, null))' == 'true'))计算为('' != 'true' and ('False' == 'true' or 'False' == 'true' or 'False' == 'true' or 'False' == 'true'))。
       任务“MakeDir”
       已完成执行任务“MakeDir”的操作。
     1>已完成在项目“ICSStudioUI.vcxproj”中生成目标“PrepareForBuild”的操作。
       已跳过目标“_PrepareForReferenceResolution”。以前的生成已成功。
       由于条件的计算结果为 false，已跳过目标“ComputeCrtSDKReference”；('@(ClCompile)'!='' and '$(WindowsAppContainer)'=='true' and '$(UseCrtSDKReference)' != 'false')的计算结果为(''!='' and 'false'=='true' and '' != 'false')。
     1>来自项目“C:\Users\11584\Desktop\Git\ICS2\icsstudio\ICSStudio\ICSStudioUI\ICSStudioUI.vcxproj”的文件“C:\Program Files (x86)\MSBuild\14.0\bin\Microsoft.Common.CurrentVersion.targets”中的目标“GetInstalledSDKLocations”(目标“ResolveSDKReferences”依赖于它):
       由于 false 条件，已跳过任务“GetInstalledSDKLocations”；('@(SDKReference)' != '')计算为('' != '')。
       由于 false 条件，已跳过任务“GetInstalledSDKLocations”；('@(SDKReference)' != '' and '$(SupportWindows81SDKs)' == 'true' and '$(TargetPlatformIdentifierWindows81)' != '' and '$(TargetPlatformVersionWindows81)' != '')计算为('' != '' and '' == 'true' and '' != '' and '' != '')。
       由于 false 条件，已跳过任务“GetInstalledSDKLocations”；('@(SDKReference)' != '' and '$(SupportWindowsPhone81SDKs)' == 'true' and '$(TargetPlatformIdentifierWindowsPhone81)' != '' and '$(TargetPlatformVersionWindowsPhone81)' != '')计算为('' != '' and '' == 'true' and '' != '' and '' != '')。
     1>已完成在项目“ICSStudioUI.vcxproj”中生成目标“GetInstalledSDKLocations”的操作。
     1>来自项目“C:\Users\11584\Desktop\Git\ICS2\icsstudio\ICSStudio\ICSStudioUI\ICSStudioUI.vcxproj”的文件“C:\Program Files (x86)\MSBuild\14.0\Microsoft.Common.targets\ImportBefore\Windows.8.1.UT_SDKReference.props”中的目标“ModifyUnitTestPlatformVersion”(目标“ResolveSDKReferences”依赖于它):
     1>已完成在项目“ICSStudioUI.vcxproj”中生成目标“ModifyUnitTestPlatformVersion”的操作。
     1>来自项目“C:\Users\11584\Desktop\Git\ICS2\icsstudio\ICSStudio\ICSStudioUI\ICSStudioUI.vcxproj”的文件“C:\Program Files (x86)\MSBuild\14.0\bin\Microsoft.Common.CurrentVersion.targets”中的目标“ResolveSDKReferences”(目标“ResolveAssemblyReferences”依赖于它):
       由于 false 条件，已跳过任务“ResolveSDKReference”；('@(SDKReference)'!='')计算为(''!='')。
     1>已完成在项目“ICSStudioUI.vcxproj”中生成目标“ResolveSDKReferences”的操作。
       已跳过目标“ResolveSDKReferences”。以前的生成已成功。
     1>来自项目“C:\Users\11584\Desktop\Git\ICS2\icsstudio\ICSStudio\ICSStudioUI\ICSStudioUI.vcxproj”的文件“C:\Program Files (x86)\MSBuild\14.0\bin\Microsoft.Common.CurrentVersion.targets”中的目标“ExpandSDKReferences”(目标“ResolveAssemblyReferences”依赖于它):
       由于 false 条件，已跳过任务“GetSDKReferenceFiles”；('@(ResolvedSDKReference)'!='')计算为(''!='')。
     1>已完成在项目“ICSStudioUI.vcxproj”中生成目标“ExpandSDKReferences”的操作。
       由于条件的计算结果为 false，已跳过目标“ResolveNuGetPackageAssets”；('$(ResolveNuGetPackages)' == 'true' and exists('$(ProjectLockFile)'))的计算结果为('true' == 'true' and exists('project.lock.json'))。
       由于条件的计算结果为 false，已跳过目标“FakesGenerateBeforeBuild”；(@(Fakes) != '' AND $(BuildingProject))的计算结果为( != '' AND true)。
     1>来自项目“C:\Users\11584\Desktop\Git\ICS2\icsstudio\ICSStudio\ICSStudioUI\ICSStudioUI.vcxproj”的文件“C:\Program Files (x86)\MSBuild\14.0\bin\Microsoft.Common.CurrentVersion.targets”中的目标“ResolveAssemblyReferences”(目标“ResolveReferences”依赖于它):
       由于 false 条件，已跳过任务“ResolveAssemblyReference”；('@(Reference)'!='' or '@(_ResolvedProjectReferencePaths)'!='' or '@(_ExplicitReference)' != '')计算为(''!='' or ''!='' or '' != '')。
     1>已完成在项目“ICSStudioUI.vcxproj”中生成目标“ResolveAssemblyReferences”的操作。
       由于条件的计算结果为 false，已跳过目标“GenerateBindingRedirects”；('$(AutoGenerateBindingRedirects)' == 'true' and '$(GenerateBindingRedirectsOutputType)' == 'true')的计算结果为('' == 'true' and '' == 'true')。
       由于条件的计算结果为 false，已跳过目标“GenerateBindingRedirectsUpdateAppConfig”；('$(AutoGenerateBindingRedirects)' == 'true' and '$(GenerateBindingRedirectsOutputType)' == 'true' and Exists('$(_GenerateBindingRedirectsIntermediateAppConfig)'))的计算结果为('' == 'true' and '' == 'true' and Exists('Debug\ICSStudioUI.vcxproj.ICSStudioUI.dll.config'))。
       由于条件的计算结果为 false，已跳过目标“ResolveComReferences”；('@(COMReference)'!='' or '@(COMFileReference)'!='')的计算结果为(''!='' or ''!='')。
     1>来自项目“C:\Users\11584\Desktop\Git\ICS2\icsstudio\ICSStudio\ICSStudioUI\ICSStudioUI.vcxproj”的文件“C:\Program Files (x86)\MSBuild\14.0\bin\Microsoft.Common.CurrentVersion.targets”中的目标“AfterResolveReferences”(目标“ResolveReferences”依赖于它):
     1>已完成在项目“ICSStudioUI.vcxproj”中生成目标“AfterResolveReferences”的操作。
       由于条件的计算结果为 false，已跳过目标“ImplicitlyExpandDesignTimeFacades”；('$(ImplicitlyExpandDesignTimeFacades)' == 'true')的计算结果为('' == 'true')。
       由于条件的计算结果为 false，已跳过目标“ResolveTestReferences”；('@(Shadow)'!='')的计算结果为(''!='')。
     1>来自项目“C:\Users\11584\Desktop\Git\ICS2\icsstudio\ICSStudio\ICSStudioUI\ICSStudioUI.vcxproj”的文件“C:\Program Files (x86)\MSBuild\14.0\bin\Microsoft.Common.CurrentVersion.targets”中的目标“ResolveReferences”(目标“Build”依赖于它):
     1>已完成在项目“ICSStudioUI.vcxproj”中生成目标“ResolveReferences”的操作。
       已跳过目标“PrepareForBuild”。以前的生成已成功。
       已跳过目标“PrepareForBuild”。以前的生成已成功。
     1>来自项目“C:\Users\11584\Desktop\Git\ICS2\icsstudio\ICSStudio\ICSStudioUI\ICSStudioUI.vcxproj”的文件“C:\Program Files (x86)\MSBuild\Microsoft.Cpp\v4.0\V140\Microsoft.CppBuild.targets”中的目标“InitializeBuildStatus”(目标“Build”依赖于它):
       任务“ReadLinesFromFile”
       已完成执行任务“ReadLinesFromFile”的操作。
       任务“WriteLinesToFile”
       已完成执行任务“WriteLinesToFile”的操作。
       正在使用程序集“Microsoft.Build.Tasks.Core, Version=14.0.0.0, Culture=neutral, PublicKeyToken=b03f5f7f11d50a3a”中的“Touch”任务。
       任务“Touch”
         正在创建“Debug\ICSStudioUI.tlog\unsuccessfulbuild”，因为已指定“AlwaysCreate”。
       已完成执行任务“Touch”的操作。
     1>已完成在项目“ICSStudioUI.vcxproj”中生成目标“InitializeBuildStatus”的操作。
       已跳过目标“AssignProjectConfiguration”。以前的生成已成功。
       已跳过目标“_SplitProjectReferencesByFileExistence”。以前的生成已成功。
     1>来自项目“C:\Users\11584\Desktop\Git\ICS2\icsstudio\ICSStudio\ICSStudioUI\ICSStudioUI.vcxproj”的文件“C:\Program Files (x86)\MSBuild\14.0\bin\Microsoft.Common.CurrentVersion.targets”中的目标“BuildGenerateSourcesTraverse”(目标“BuildGenerateSources”依赖于它):
       由于 false 条件，已跳过任务“MSBuild”；('$(BuildPassReferences)' == 'true' and '@(ProjectReferenceWithConfiguration)' != '' and '@(_MSBuildProjectReferenceExistent)' != '' and '%(_MSBuildProjectReferenceExistent.BuildReference)' == 'true')计算为('' == 'true' and '' != '' and '' != '' and '' == 'true')。
     1>已完成在项目“ICSStudioUI.vcxproj”中生成目标“BuildGenerateSourcesTraverse”的操作。
       已跳过目标“PrepareForBuild”。以前的生成已成功。
       已跳过目标“ResolveReferences”。以前的生成已成功。
     1>来自项目“C:\Users\11584\Desktop\Git\ICS2\icsstudio\ICSStudio\ICSStudioUI\ICSStudioUI.vcxproj”的文件“C:\Program Files (x86)\MSBuild\Microsoft.Cpp\v4.0\V140\Microsoft.BuildSteps.Targets”中的目标“BeforeBuildGenerateSources”(目标“_BuildGenerateSourcesAction”依赖于它):
     1>已完成在项目“ICSStudioUI.vcxproj”中生成目标“BeforeBuildGenerateSources”的操作。
     1>来自项目“C:\Users\11584\Desktop\Git\ICS2\icsstudio\ICSStudio\ICSStudioUI\ICSStudioUI.vcxproj”的文件“C:\Program Files (x86)\MSBuild\Microsoft.Cpp\v4.0\V140\Microsoft.CppCommon.targets”中的目标“PreBuildEvent”(目标“_BuildGenerateSourcesAction”依赖于它):
       由于 false 条件，已跳过任务“Message”；('%(PreBuildEvent.Message)' != '' and '%(PreBuildEvent.Command)' != '')计算为('' != '' and '' != '')。
       由于 false 条件，已跳过任务“Exec”；('%(PreBuildEvent.Command)' != '')计算为('' != '')。
     1>已完成在项目“ICSStudioUI.vcxproj”中生成目标“PreBuildEvent”的操作。
       由于条件的计算结果为 false，已跳过目标“CustomBuild”；('@(CustomBuild)' != '')的计算结果为('' != '')。
       由于条件的计算结果为 false，已跳过目标“FxExport”；('@(FxCompile)' != '')的计算结果为('' != '')。
       由于条件的计算结果为 false，已跳过目标“FxCompile”；('@(FxCompile)' != '')的计算结果为('' != '')。
       由于条件的计算结果为 false，已跳过目标“Xsd”；('@(Xsd)' != '')的计算结果为('' != '')。
     1>来自项目“C:\Users\11584\Desktop\Git\ICS2\icsstudio\ICSStudio\ICSStudioUI\ICSStudioUI.vcxproj”的文件“C:\Program Files (x86)\MSBuild\Microsoft.Cpp\v4.0\V140\Microsoft.CppBuild.targets”中的目标“_Xsd”(目标“_BuildGenerateSourcesAction”依赖于它):
     1>已完成在项目“ICSStudioUI.vcxproj”中生成目标“_Xsd”的操作。
     1>来自项目“C:\Users\11584\Desktop\Git\ICS2\icsstudio\ICSStudio\ICSStudioUI\ICSStudioUI.vcxproj”的文件“C:\Program Files (x86)\MSBuild\Microsoft.Cpp\v4.0\V140\Microsoft.CppBuild.targets”中的目标“MakeDirsForMidl”(目标“_Midl”依赖于它):
       任务“Makedir”
       已完成执行任务“Makedir”的操作。
     1>已完成在项目“ICSStudioUI.vcxproj”中生成目标“MakeDirsForMidl”的操作。
       由于条件的计算结果为 false，已跳过目标“Midl”；('@(Midl)' != '')的计算结果为('' != '')。
       由于条件的计算结果为 false，已跳过目标“CustomBuild”；('@(CustomBuild)' != '')的计算结果为('' != '')。
       由于条件的计算结果为 false，已跳过目标“FxExport”；('@(FxCompile)' != '')的计算结果为('' != '')。
       由于条件的计算结果为 false，已跳过目标“FxCompile”；('@(FxCompile)' != '')的计算结果为('' != '')。
     1>来自项目“C:\Users\11584\Desktop\Git\ICS2\icsstudio\ICSStudio\ICSStudioUI\ICSStudioUI.vcxproj”的文件“C:\Program Files (x86)\MSBuild\Microsoft.Cpp\v4.0\V140\Microsoft.CppBuild.targets”中的目标“ComputeMIDLGeneratedCompileInputs”(目标“_Midl”依赖于它):
     1>已完成在项目“ICSStudioUI.vcxproj”中生成目标“ComputeMIDLGeneratedCompileInputs”的操作。
     1>来自项目“C:\Users\11584\Desktop\Git\ICS2\icsstudio\ICSStudio\ICSStudioUI\ICSStudioUI.vcxproj”的文件“C:\Program Files (x86)\MSBuild\Microsoft.Cpp\v4.0\V140\Microsoft.CppBuild.targets”中的目标“AfterMidl”(目标“_Midl”依赖于它):
     1>已完成在项目“ICSStudioUI.vcxproj”中生成目标“AfterMidl”的操作。
     1>来自项目“C:\Users\11584\Desktop\Git\ICS2\icsstudio\ICSStudio\ICSStudioUI\ICSStudioUI.vcxproj”的文件“C:\Program Files (x86)\MSBuild\Microsoft.Cpp\v4.0\V140\Microsoft.CppBuild.targets”中的目标“_Midl”(目标“_BuildGenerateSourcesAction”依赖于它):
     1>已完成在项目“ICSStudioUI.vcxproj”中生成目标“_Midl”的操作。
     1>来自项目“C:\Users\11584\Desktop\Git\ICS2\icsstudio\ICSStudio\ICSStudioUI\ICSStudioUI.vcxproj”的文件“C:\Program Files (x86)\MSBuild\Microsoft.Cpp\v4.0\V140\Microsoft.BuildSteps.Targets”中的目标“AfterBuildGenerateSources”(目标“_BuildGenerateSourcesAction”依赖于它):
     1>已完成在项目“ICSStudioUI.vcxproj”中生成目标“AfterBuildGenerateSources”的操作。
     1>来自项目“C:\Users\11584\Desktop\Git\ICS2\icsstudio\ICSStudio\ICSStudioUI\ICSStudioUI.vcxproj”的文件“C:\Program Files (x86)\MSBuild\Microsoft.Cpp\v4.0\V140\Microsoft.CppBuild.targets”中的目标“AfterBuildGenerateSourcesEvent”(目标“_BuildGenerateSourcesAction”依赖于它):
     1>已完成在项目“ICSStudioUI.vcxproj”中生成目标“AfterBuildGenerateSourcesEvent”的操作。
     1>来自项目“C:\Users\11584\Desktop\Git\ICS2\icsstudio\ICSStudio\ICSStudioUI\ICSStudioUI.vcxproj”的文件“C:\Program Files (x86)\MSBuild\Microsoft.Cpp\v4.0\V140\Microsoft.CppBuild.targets”中的目标“_BuildGenerateSourcesAction”(目标“BuildGenerateSources”依赖于它):
     1>已完成在项目“ICSStudioUI.vcxproj”中生成目标“_BuildGenerateSourcesAction”的操作。
     1>来自项目“C:\Users\11584\Desktop\Git\ICS2\icsstudio\ICSStudio\ICSStudioUI\ICSStudioUI.vcxproj”的文件“C:\Program Files (x86)\MSBuild\14.0\bin\Microsoft.Common.CurrentVersion.targets”中的目标“BuildGenerateSources”(目标“Build”依赖于它):
     1>已完成在项目“ICSStudioUI.vcxproj”中生成目标“BuildGenerateSources”的操作。
       已跳过目标“AssignProjectConfiguration”。以前的生成已成功。
       已跳过目标“_SplitProjectReferencesByFileExistence”。以前的生成已成功。
     1>来自项目“C:\Users\11584\Desktop\Git\ICS2\icsstudio\ICSStudio\ICSStudioUI\ICSStudioUI.vcxproj”的文件“C:\Program Files (x86)\MSBuild\14.0\bin\Microsoft.Common.CurrentVersion.targets”中的目标“BuildCompileTraverse”(目标“BuildCompile”依赖于它):
       由于 false 条件，已跳过任务“MSBuild”；('$(BuildPassReferences)' == 'true' and '@(ProjectReferenceWithConfiguration)' != '' and '@(_MSBuildProjectReferenceExistent)' != ''  and '%(_MSBuildProjectReferenceExistent.BuildReference)' == 'true')计算为('' == 'true' and '' != '' and '' != ''  and '' == 'true')。
     1>已完成在项目“ICSStudioUI.vcxproj”中生成目标“BuildCompileTraverse”的操作。
       已跳过目标“PrepareForBuild”。以前的生成已成功。
       已跳过目标“ResolveReferences”。以前的生成已成功。
     1>来自项目“C:\Users\11584\Desktop\Git\ICS2\icsstudio\ICSStudio\ICSStudioUI\ICSStudioUI.vcxproj”的文件“C:\Program Files (x86)\MSBuild\Microsoft.Cpp\v4.0\V140\Microsoft.CppBuild.targets”中的目标“BeforeClCompile”(目标“_ClCompile”依赖于它):
     1>已完成在项目“ICSStudioUI.vcxproj”中生成目标“BeforeClCompile”的操作。
       已跳过目标“ComputeMIDLGeneratedCompileInputs”。以前的生成已成功。
     1>来自项目“C:\Users\11584\Desktop\Git\ICS2\icsstudio\ICSStudio\ICSStudioUI\ICSStudioUI.vcxproj”的文件“C:\Program Files (x86)\MSBuild\Microsoft.Cpp\v4.0\V140\Microsoft.CppBuild.targets”中的目标“ComputeCLInputPDBName”(目标“_ClCompile”依赖于它):
     1>已完成在项目“ICSStudioUI.vcxproj”中生成目标“ComputeCLInputPDBName”的操作。
       已跳过目标“ResolveReferences”。以前的生成已成功。
     1>来自项目“C:\Users\11584\Desktop\Git\ICS2\icsstudio\ICSStudio\ICSStudioUI\ICSStudioUI.vcxproj”的文件“C:\Program Files (x86)\MSBuild\Microsoft.Cpp\v4.0\V140\Microsoft.CppBuild.targets”中的目标“ComputeReferenceCLInput”(目标“_ClCompile”依赖于它):
       由于 false 条件，已跳过任务“WriteLinesToFile”；(('@(_ReferenceCopyLocalPaths)'!='') and '$(DesignTimeBuild)' != 'true')计算为((''!='') and '' != 'true')。
       由于 false 条件，已跳过任务“Message”；('$(_REFERENCE_DEBUG)'=='true')计算为(''=='true')。
     1>已完成在项目“ICSStudioUI.vcxproj”中生成目标“ComputeReferenceCLInput”的操作。
     1>来自项目“C:\Users\11584\Desktop\Git\ICS2\icsstudio\ICSStudio\ICSStudioUI\ICSStudioUI.vcxproj”的文件“C:\Program Files (x86)\MSBuild\Microsoft.Cpp\v4.0\V140\Microsoft.CppBuild.targets”中的目标“WarnCompileDuplicatedFilename”(目标“_ClCompile”依赖于它):
       由于 false 条件，已跳过任务“VCMessage”；('%(ClCompile.ExcludedFromBuild)' != 'true' and '%(Filename)%(Extension)' != '@(ClCompile->'%(Filename)%(Extension)')' and '%(ObjectFileName)' == '@(ClCompile->Metadata(ObjectFileName)->Distinct())')计算为('' != 'true' and '' != '' and '' == '')。
     1>已完成在项目“ICSStudioUI.vcxproj”中生成目标“WarnCompileDuplicatedFilename”的操作。
       由于条件的计算结果为 false，已跳过目标“FixupCLCompileOptions”；('@(ClCompile)' != '')的计算结果为('' != '')。
     1>来自项目“C:\Users\11584\Desktop\Git\ICS2\icsstudio\ICSStudio\ICSStudioUI\ICSStudioUI.vcxproj”的文件“C:\Program Files (x86)\MSBuild\Microsoft.Cpp\v4.0\V140\Microsoft.CppBuild.targets”中的目标“MakeDirsForCl”(目标“_ClCompile”依赖于它):
       任务“MakeDir”
       已完成执行任务“MakeDir”的操作。
     1>已完成在项目“ICSStudioUI.vcxproj”中生成目标“MakeDirsForCl”的操作。
       由于条件的计算结果为 false，已跳过目标“ClCompile”；('@(ClCompile)' != '')的计算结果为('' != '')。
       由于条件的计算结果为 false，已跳过目标“GenerateTargetFrameworkMonikerAttribute”；('$(GenerateTargetFrameworkAttribute)' == 'true')的计算结果为('false' == 'true')。
       由于条件的计算结果为 false，已跳过目标“ManagedIncrementalBuildPreProcessDependencyGraph”；('@(ClCompile)' != '' and '$(EnableManagedIncrementalBuild)' == 'True')的计算结果为('' != '' and 'false' == 'True')。
       由于条件的计算结果为 false，已跳过目标“ManagedIncrementalBuildPostProcessDependencyGraph”；('@(ClCompile)' != '' and '$(EnableManagedIncrementalBuild)' == 'True')的计算结果为('' != '' and 'false' == 'True')。
     1>来自项目“C:\Users\11584\Desktop\Git\ICS2\icsstudio\ICSStudio\ICSStudioUI\ICSStudioUI.vcxproj”的文件“C:\Program Files (x86)\MSBuild\Microsoft.Cpp\v4.0\V140\Microsoft.CppBuild.targets”中的目标“AfterClCompile”(目标“_ClCompile”依赖于它):
     1>已完成在项目“ICSStudioUI.vcxproj”中生成目标“AfterClCompile”的操作。
     1>来自项目“C:\Users\11584\Desktop\Git\ICS2\icsstudio\ICSStudio\ICSStudioUI\ICSStudioUI.vcxproj”的文件“C:\Program Files (x86)\MSBuild\Microsoft.Cpp\v4.0\V140\Microsoft.CppBuild.targets”中的目标“_ClCompile”(目标“_BuildCompileAction”依赖于它):
     1>已完成在项目“ICSStudioUI.vcxproj”中生成目标“_ClCompile”的操作。
       由于条件的计算结果为 false，已跳过目标“_ResGen”；('@(EmbeddedResource)'!='')的计算结果为(''!='')。
     1>来自项目“C:\Users\11584\Desktop\Git\ICS2\icsstudio\ICSStudio\ICSStudioUI\ICSStudioUI.vcxproj”的文件“C:\Program Files (x86)\MSBuild\Microsoft\VisualStudio\v14.0\VSSDK\Microsoft.VsSDK.Common.targets”中的目标“FindSDKInstallation”(目标“VSCTCompile”依赖于它):
       正在使用程序集“C:\Program Files (x86)\MSBuild\Microsoft\VisualStudio\v14.0\VSSDK\Microsoft.VsSDK.Build.Tasks.dll”中的“FindVsSDKInstallation”任务。
       任务“FindVsSDKInstallation”
       已完成执行任务“FindVsSDKInstallation”的操作。
     1>已完成在项目“ICSStudioUI.vcxproj”中生成目标“FindSDKInstallation”的操作。
     1>来自项目“C:\Users\11584\Desktop\Git\ICS2\icsstudio\ICSStudio\ICSStudioUI\ICSStudioUI.vcxproj”的文件“C:\Program Files (x86)\MSBuild\Microsoft\VisualStudio\v14.0\VSSDK\Microsoft.VsSDK.Common.targets”中的目标“VSCTCompile”(目标“_ResourceCompile”依赖于它):
       正在使用程序集“C:\Program Files (x86)\MSBuild\Microsoft\VisualStudio\v14.0\VSSDK\Microsoft.VsSDK.Build.Tasks.dll”中的“VSCTCompiler”任务。
       任务“VSCTCompiler”
         
         VSCT: errors   = 0
         VSCT: warnings = 0
       已完成执行任务“VSCTCompiler”的操作。
     1>已完成在项目“ICSStudioUI.vcxproj”中生成目标“VSCTCompile”的操作。
     1>来自项目“C:\Users\11584\Desktop\Git\ICS2\icsstudio\ICSStudio\ICSStudioUI\ICSStudioUI.vcxproj”的文件“C:\Program Files (x86)\MSBuild\Microsoft\VisualStudio\v14.0\VSSDK\Microsoft.VsSDK.Common.targets”中的目标“CreateMenuPkgDef”(目标“_ResourceCompile”依赖于它):
       正在完全生成目标“CreateMenuPkgDef”。
       输出文件“C:\Users\11584\Desktop\Git\ICS2\icsstudio\Debug\Extensions\Unused.pkgdef”不存在。
       正在使用程序集“C:\Program Files (x86)\MSBuild\Microsoft\VisualStudio\v14.0\VSSDK\Microsoft.VsSDK.Build.Tasks.dll”中的“CreateMenuPkgDef”任务。
       任务“CreateMenuPkgDef”
       已完成执行任务“CreateMenuPkgDef”的操作。
     1>已完成在项目“ICSStudioUI.vcxproj”中生成目标“CreateMenuPkgDef”的操作。
     1>来自项目“C:\Users\11584\Desktop\Git\ICS2\icsstudio\ICSStudio\ICSStudioUI\ICSStudioUI.vcxproj”的文件“C:\Program Files (x86)\MSBuild\Microsoft.Cpp\v4.0\V140\Microsoft.CppBuild.targets”中的目标“BeforeResourceCompile”(目标“_ResourceCompile”依赖于它):
     1>已完成在项目“ICSStudioUI.vcxproj”中生成目标“BeforeResourceCompile”的操作。
     1>来自项目“C:\Users\11584\Desktop\Git\ICS2\icsstudio\ICSStudio\ICSStudioUI\ICSStudioUI.vcxproj”的文件“C:\Program Files (x86)\MSBuild\Microsoft.Cpp\v4.0\V140\Microsoft.CppBuild.targets”中的目标“MakeDirsForResourceCompile”(目标“_ResourceCompile”依赖于它):
       任务“MakeDir”
       已完成执行任务“MakeDir”的操作。
     1>已完成在项目“ICSStudioUI.vcxproj”中生成目标“MakeDirsForResourceCompile”的操作。
       已跳过目标“PrepareForBuild”。以前的生成已成功。
       已跳过目标“SetBuildDefaultEnvironmentVariables”。以前的生成已成功。
       由于条件的计算结果为 false，已跳过目标“SetUserMacroEnvironmentVariables”；('@(BuildMacro)' != '' and '$(DesignTimeBuild)' != 'true')的计算结果为('' != '' and '' != 'true')。
     1>来自项目“C:\Users\11584\Desktop\Git\ICS2\icsstudio\ICSStudio\ICSStudioUI\ICSStudioUI.vcxproj”的文件“C:\Program Files (x86)\MSBuild\Microsoft.Cpp\v4.0\V140\Microsoft.CppBuild.targets”中的目标“_SelectedFiles”(目标“SelectResourceCompile”依赖于它):
     1>已完成在项目“ICSStudioUI.vcxproj”中生成目标“_SelectedFiles”的操作。
       已跳过目标“_SelectedFiles”。以前的生成已成功。
     1>来自项目“C:\Users\11584\Desktop\Git\ICS2\icsstudio\ICSStudio\ICSStudioUI\ICSStudioUI.vcxproj”的文件“C:\Program Files (x86)\MSBuild\Microsoft.Cpp\v4.0\V140\Microsoft.CppBuild.targets”中的目标“SelectCustomBuild”(目标“SelectResourceCompile”依赖于它):
     1>已完成在项目“ICSStudioUI.vcxproj”中生成目标“SelectCustomBuild”的操作。
     1>来自项目“C:\Users\11584\Desktop\Git\ICS2\icsstudio\ICSStudio\ICSStudioUI\ICSStudioUI.vcxproj”的文件“C:\Program Files (x86)\MSBuild\Microsoft.Cpp\v4.0\V140\Microsoft.CppBuild.targets”中的目标“SelectResourceCompile”(目标“ResourceCompile”依赖于它):
     1>已完成在项目“ICSStudioUI.vcxproj”中生成目标“SelectResourceCompile”的操作。
     1>来自项目“C:\Users\11584\Desktop\Git\ICS2\icsstudio\ICSStudio\ICSStudioUI\ICSStudioUI.vcxproj”的文件“C:\Program Files (x86)\MSBuild\Microsoft.Cpp\v4.0\V140\Microsoft.CppCommon.targets”中的目标“ResourceCompile”(目标“_ResourceCompile”依赖于它):
       正在使用程序集“C:\Program Files (x86)\MSBuild\Microsoft.Cpp\v4.0\V140\Microsoft.Build.CppTasks.Common.dll”中的“RC”任务。
       任务“RC”
         Forcing rebuild of all source files due to missing command TLog "C:\Users\11584\Desktop\Git\ICS2\icsstudio\ICSStudio\ICSStudioUI\Debug\ICSStudioUI.tlog\rc.command.1.tlog".
         C:\Program Files (x86)\Windows Kits\8.1\bin\x86\rc.exe /D UNICODE /D _UNICODE /D _X86_=1 /D i386=1 /D WIN32 /D WINNT=1 /D _DEBUG /D DEBUG /D _NEW_SDK=1 /D _UNICODE /D UNICODE /l"0x0409" /IDebug\ /nologo /fo"Debug\ICSStudioUI.res" -r  ICSStudioUI.rc 
         Tracking command:
         C:\Program Files (x86)\MSBuild\14.0\bin\Tracker.exe /d "C:\Program Files (x86)\MSBuild\14.0\bin\FileTracker32.dll" /i C:\Users\11584\Desktop\Git\ICS2\icsstudio\ICSStudio\ICSStudioUI\Debug\ICSStudioUI.tlog /r C:\USERS\11584\DESKTOP\GIT\ICS2\ICSSTUDIO\ICSSTUDIO\ICSSTUDIOUI\ICSSTUDIOUI.RC /b MSBuildConsole_CancelEvent2e980bb428324ed88ccc00ca49023b6b  /c "C:\Program Files (x86)\Windows Kits\8.1\bin\x86\rc.exe"  /D UNICODE /D _UNICODE /D _X86_=1 /D i386=1 /D WIN32 /D WINNT=1 /D _DEBUG /D DEBUG /D _NEW_SDK=1 /D _UNICODE /D UNICODE /l"0x0409" /IDebug\ /nologo /fo"Debug\ICSStudioUI.res" -r  ICSStudioUI.rc 
       已完成执行任务“RC”的操作。
     1>已完成在项目“ICSStudioUI.vcxproj”中生成目标“ResourceCompile”的操作。
     1>来自项目“C:\Users\11584\Desktop\Git\ICS2\icsstudio\ICSStudio\ICSStudioUI\ICSStudioUI.vcxproj”的文件“C:\Program Files (x86)\MSBuild\Microsoft.Cpp\v4.0\V140\Microsoft.CppBuild.targets”中的目标“AfterResourceCompile”(目标“_ResourceCompile”依赖于它):
     1>已完成在项目“ICSStudioUI.vcxproj”中生成目标“AfterResourceCompile”的操作。
     1>来自项目“C:\Users\11584\Desktop\Git\ICS2\icsstudio\ICSStudio\ICSStudioUI\ICSStudioUI.vcxproj”的文件“C:\Program Files (x86)\MSBuild\Microsoft.Cpp\v4.0\V140\Microsoft.CppBuild.targets”中的目标“_ResourceCompile”(目标“_BuildCompileAction”依赖于它):
     1>已完成在项目“ICSStudioUI.vcxproj”中生成目标“_ResourceCompile”的操作。
       由于条件的计算结果为 false，已跳过目标“_ImpLib”；('$(ImpLibCompiled)' == 'true')的计算结果为('' == 'true')。
       由于条件的计算结果为 false，已跳过目标“_Lib”；('$(LibCompiled)' == 'true')的计算结果为('' == 'true')。
     1>来自项目“C:\Users\11584\Desktop\Git\ICS2\icsstudio\ICSStudio\ICSStudioUI\ICSStudioUI.vcxproj”的文件“C:\Program Files (x86)\MSBuild\Microsoft.Cpp\v4.0\V140\Microsoft.CppBuild.targets”中的目标“AfterBuildCompileEvent”(目标“_BuildCompileAction”依赖于它):
     1>已完成在项目“ICSStudioUI.vcxproj”中生成目标“AfterBuildCompileEvent”的操作。
     1>来自项目“C:\Users\11584\Desktop\Git\ICS2\icsstudio\ICSStudio\ICSStudioUI\ICSStudioUI.vcxproj”的文件“C:\Program Files (x86)\MSBuild\Microsoft.Cpp\v4.0\V140\Microsoft.CppBuild.targets”中的目标“_BuildCompileAction”(目标“BuildCompile”依赖于它):
     1>已完成在项目“ICSStudioUI.vcxproj”中生成目标“_BuildCompileAction”的操作。
     1>来自项目“C:\Users\11584\Desktop\Git\ICS2\icsstudio\ICSStudio\ICSStudioUI\ICSStudioUI.vcxproj”的文件“C:\Program Files (x86)\MSBuild\14.0\bin\Microsoft.Common.CurrentVersion.targets”中的目标“BuildCompile”(目标“Build”依赖于它):
     1>已完成在项目“ICSStudioUI.vcxproj”中生成目标“BuildCompile”的操作。
       已跳过目标“AssignProjectConfiguration”。以前的生成已成功。
       已跳过目标“_SplitProjectReferencesByFileExistence”。以前的生成已成功。
     1>来自项目“C:\Users\11584\Desktop\Git\ICS2\icsstudio\ICSStudio\ICSStudioUI\ICSStudioUI.vcxproj”的文件“C:\Program Files (x86)\MSBuild\14.0\bin\Microsoft.Common.CurrentVersion.targets”中的目标“BuildLinkTraverse”(目标“BuildLink”依赖于它):
       由于 false 条件，已跳过任务“MSBuild”；('$(BuildPassReferences)' == 'true' and '@(ProjectReferenceWithConfiguration)' != '' and '@(_MSBuildProjectReferenceExistent)' != ''  and '%(_MSBuildProjectReferenceExistent.BuildReference)' == 'true')计算为('' == 'true' and '' != '' and '' != ''  and '' == 'true')。
     1>已完成在项目“ICSStudioUI.vcxproj”中生成目标“BuildLinkTraverse”的操作。
       已跳过目标“PrepareForBuild”。以前的生成已成功。
       已跳过目标“ResolveReferences”。以前的生成已成功。
     1>来自项目“C:\Users\11584\Desktop\Git\ICS2\icsstudio\ICSStudio\ICSStudioUI\ICSStudioUI.vcxproj”的文件“C:\Program Files (x86)\MSBuild\Microsoft.Cpp\v4.0\V140\Microsoft.CppBuild.targets”中的目标“ComputeLegacyManifestEmbedding”(目标“_BuildLinkAction”依赖于它):
       由于 false 条件，已跳过任务“VCMessage”；('$(RevertManifestEmbedding)' == 'true' and '$(_LegacyManifestEmbeddingDebug)' == 'true')计算为('' == 'true' and '' == 'true')。
     1>已完成在项目“ICSStudioUI.vcxproj”中生成目标“ComputeLegacyManifestEmbedding”的操作。
     1>来自项目“C:\Users\11584\Desktop\Git\ICS2\icsstudio\ICSStudio\ICSStudioUI\ICSStudioUI.vcxproj”的文件“C:\Program Files (x86)\MSBuild\Microsoft.Cpp\v4.0\V140\Microsoft.CppBuild.targets”中的目标“BeforeLink”(目标“_Link”依赖于它):
     1>已完成在项目“ICSStudioUI.vcxproj”中生成目标“BeforeLink”的操作。
     1>来自项目“C:\Users\11584\Desktop\Git\ICS2\icsstudio\ICSStudio\ICSStudioUI\ICSStudioUI.vcxproj”的文件“C:\Program Files (x86)\MSBuild\Microsoft.Cpp\v4.0\V140\Microsoft.CppBuild.targets”中的目标“ComputeRCOutputs”(目标“ComputeRCGeneratedLinkInputs”依赖于它):
     1>已完成在项目“ICSStudioUI.vcxproj”中生成目标“ComputeRCOutputs”的操作。
     1>来自项目“C:\Users\11584\Desktop\Git\ICS2\icsstudio\ICSStudio\ICSStudioUI\ICSStudioUI.vcxproj”的文件“C:\Program Files (x86)\MSBuild\Microsoft.Cpp\v4.0\V140\Microsoft.CppBuild.targets”中的目标“ComputeRCGeneratedLinkInputs”(目标“_Link”依赖于它):
     1>已完成在项目“ICSStudioUI.vcxproj”中生成目标“ComputeRCGeneratedLinkInputs”的操作。
     1>来自项目“C:\Users\11584\Desktop\Git\ICS2\icsstudio\ICSStudio\ICSStudioUI\ICSStudioUI.vcxproj”的文件“C:\Program Files (x86)\MSBuild\Microsoft.Cpp\v4.0\V140\Microsoft.CppBuild.targets”中的目标“ComputeManifestGeneratedLinkerInputs”(目标“_Link”依赖于它):
     1>已完成在项目“ICSStudioUI.vcxproj”中生成目标“ComputeManifestGeneratedLinkerInputs”的操作。
     1>来自项目“C:\Users\11584\Desktop\Git\ICS2\icsstudio\ICSStudio\ICSStudioUI\ICSStudioUI.vcxproj”的文件“C:\Program Files (x86)\MSBuild\Microsoft.Cpp\v4.0\V140\Microsoft.CppBuild.targets”中的目标“ComputeCustomBuildOutput”(目标“_Link”依赖于它):
       由于 false 条件，已跳过任务“CreateItem”；('%(CustomBuildDirsToMake.OutputFileToTool)'!='')计算为(''!='')。
       任务“MakeDir”
       已完成执行任务“MakeDir”的操作。
     1>已完成在项目“ICSStudioUI.vcxproj”中生成目标“ComputeCustomBuildOutput”的操作。
       由于条件的计算结果为 false，已跳过目标“ComputeCLOutputs”；('@(ClCompile)' != '')的计算结果为('' != '')。
     1>来自项目“C:\Users\11584\Desktop\Git\ICS2\icsstudio\ICSStudio\ICSStudioUI\ICSStudioUI.vcxproj”的文件“C:\Program Files (x86)\MSBuild\Microsoft.Cpp\v4.0\V140\Microsoft.CppBuild.targets”中的目标“ComputeCLGeneratedLinkInputs”(目标“_Link”依赖于它):
     1>已完成在项目“ICSStudioUI.vcxproj”中生成目标“ComputeCLGeneratedLinkInputs”的操作。
     1>来自项目“C:\Users\11584\Desktop\Git\ICS2\icsstudio\ICSStudio\ICSStudioUI\ICSStudioUI.vcxproj”的文件“C:\Program Files (x86)\MSBuild\Microsoft.Cpp\v4.0\V140\Microsoft.CppBuild.targets”中的目标“ComputeLinkInputsFromProject”(目标“_Link”依赖于它):
     1>已完成在项目“ICSStudioUI.vcxproj”中生成目标“ComputeLinkInputsFromProject”的操作。
       由于条件的计算结果为 false，已跳过目标“ComputeReferenceLinkInputs”；(@(ProjectReference) != '')的计算结果为( != '')。
     1>来自项目“C:\Users\11584\Desktop\Git\ICS2\icsstudio\ICSStudio\ICSStudioUI\ICSStudioUI.vcxproj”的文件“C:\Program Files (x86)\MSBuild\Microsoft.Cpp\v4.0\V140\Microsoft.CppBuild.targets”中的目标“ComputeManifestInputsTargets”(目标“_Link”依赖于它):
     1>已完成在项目“ICSStudioUI.vcxproj”中生成目标“ComputeManifestInputsTargets”的操作。
       由于条件的计算结果为 false，已跳过目标“ManifestResourceCompile”；('$(EmbedManifestBy)' == 'LINK' and '@(Manifest)' != '')的计算结果为('LINK' == 'LINK' and '' != '')。
       由于条件的计算结果为 false，已跳过目标“AssignWinFXEmbeddedResource”；('@(WinFXEmbeddedResource)' != '')的计算结果为('' != '')。
     1>来自项目“C:\Users\11584\Desktop\Git\ICS2\icsstudio\ICSStudio\ICSStudioUI\ICSStudioUI.vcxproj”的文件“C:\Program Files (x86)\MSBuild\14.0\bin\Microsoft.Common.CurrentVersion.targets”中的目标“AssignTargetPaths”(目标“PrepareResourceNames”依赖于它):
       任务“AssignTargetPath”
       已完成执行任务“AssignTargetPath”的操作。
       任务“AssignTargetPath”
       已完成执行任务“AssignTargetPath”的操作。
       任务“AssignTargetPath”
       已完成执行任务“AssignTargetPath”的操作。
       任务“AssignTargetPath”
       已完成执行任务“AssignTargetPath”的操作。
       由于 false 条件，已跳过任务“AssignTargetPath”；('@(_DeploymentBaseManifestWithTargetPath)'=='' and '%(None.Extension)'=='.manifest')计算为(''=='' and ''=='.manifest')。
     1>已完成在项目“ICSStudioUI.vcxproj”中生成目标“AssignTargetPaths”的操作。
       已跳过目标“AssignTargetPaths”。以前的生成已成功。
     1>来自项目“C:\Users\11584\Desktop\Git\ICS2\icsstudio\ICSStudio\ICSStudioUI\ICSStudioUI.vcxproj”的文件“C:\Program Files (x86)\MSBuild\14.0\bin\Microsoft.Common.CurrentVersion.targets”中的目标“SplitResourcesByCulture”(目标“PrepareResourceNames”依赖于它):
       由于 false 条件，已跳过任务“Warning”；('@(ResxWithNoCulture)'!='')计算为(''!='')。
       由于 false 条件，已跳过任务“Warning”；('@(ResxWithCulture)'!='')计算为(''!='')。
       由于 false 条件，已跳过任务“Warning”；('@(NonResxWithCulture)'!='')计算为(''!='')。
       由于 false 条件，已跳过任务“Warning”；('@(NonResxWithNoCulture)'!='')计算为(''!='')。
       任务“AssignCulture”
       已完成执行任务“AssignCulture”的操作。
     1>已完成在项目“ICSStudioUI.vcxproj”中生成目标“SplitResourcesByCulture”的操作。
       由于条件的计算结果为 false，已跳过目标“CreateManifestResourceNames”；('@(EmbeddedResource)' != '')的计算结果为('' != '')。
     1>来自项目“C:\Users\11584\Desktop\Git\ICS2\icsstudio\ICSStudio\ICSStudioUI\ICSStudioUI.vcxproj”的文件“C:\Program Files (x86)\MSBuild\14.0\bin\Microsoft.Common.CurrentVersion.targets”中的目标“CreateCustomManifestResourceNames”(目标“PrepareResourceNames”依赖于它):
     1>已完成在项目“ICSStudioUI.vcxproj”中生成目标“CreateCustomManifestResourceNames”的操作。
     1>来自项目“C:\Users\11584\Desktop\Git\ICS2\icsstudio\ICSStudio\ICSStudioUI\ICSStudioUI.vcxproj”的文件“C:\Program Files (x86)\MSBuild\14.0\bin\Microsoft.Common.CurrentVersion.targets”中的目标“PrepareResourceNames”(目标“_Link”依赖于它):
     1>已完成在项目“ICSStudioUI.vcxproj”中生成目标“PrepareResourceNames”的操作。
     1>来自项目“C:\Users\11584\Desktop\Git\ICS2\icsstudio\ICSStudio\ICSStudioUI\ICSStudioUI.vcxproj”的文件“C:\Program Files (x86)\MSBuild\Microsoft.Cpp\v4.0\V140\Microsoft.CppBuild.targets”中的目标“MakeDirsForLink”(目标“_Link”依赖于它):
       任务“MakeDir”
       已完成执行任务“MakeDir”的操作。
     1>已完成在项目“ICSStudioUI.vcxproj”中生成目标“MakeDirsForLink”的操作。
     1>来自项目“C:\Users\11584\Desktop\Git\ICS2\icsstudio\ICSStudio\ICSStudioUI\ICSStudioUI.vcxproj”的文件“C:\Program Files (x86)\MSBuild\Microsoft.Cpp\v4.0\V140\Microsoft.CppBuild.targets”中的目标“DoLinkOutputFilesMatch”(目标“_Link”依赖于它):
       由于 false 条件，已跳过任务“VCMessage”；('@(_OutputFileFromLink)' == '')计算为('C:\Users\11584\Desktop\Git\ICS2\icsstudio\Debug\1033\ICSStudioUI.dll' == '')。
       由于 false 条件，已跳过任务“VCMessage”；('@(_OutputFileFromLink)' != '' and '%(_OutputFileFromLink.FullPath)' != '$([System.IO.Path]::GetFullPath($(TargetPath)))')计算为('C:\Users\11584\Desktop\Git\ICS2\icsstudio\Debug\1033\ICSStudioUI.dll' != '' and 'C:\Users\11584\Desktop\Git\ICS2\icsstudio\Debug\1033\ICSStudioUI.dll' != 'C:\Users\11584\Desktop\Git\ICS2\icsstudio\Debug\1033\ICSStudioUI.dll')。
       由于 false 条件，已跳过任务“VCMessage”；('@(_OutputFileFromLink)' != '' and '%(_OutputFileFromLink.Extension)' != '' and '%(_OutputFileFromLink.Extension)' != '$(TargetExt)')计算为('C:\Users\11584\Desktop\Git\ICS2\icsstudio\Debug\1033\ICSStudioUI.dll' != '' and '.dll' != '' and '.dll' != '.dll')。
       由于 false 条件，已跳过任务“VCMessage”；('@(_OutputFileFromLink)' != '' and '%(_OutputFileFromLink.Filename)' != '' and '%(_OutputFileFromLink.Filename)' != '$(TargetName)')计算为('C:\Users\11584\Desktop\Git\ICS2\icsstudio\Debug\1033\ICSStudioUI.dll' != '' and 'ICSStudioUI' != '' and 'ICSStudioUI' != 'ICSStudioUI')。
       由于 false 条件，已跳过任务“VCMessage”；('%(Link.MinimumRequiredVersion)' != '' and ('%(Link.Subsystem)' == '' or '%(Link.Subsystem)' == 'NotSet'))计算为('' != '' and ('Windows' == '' or 'Windows' == 'NotSet'))。
     1>已完成在项目“ICSStudioUI.vcxproj”中生成目标“DoLinkOutputFilesMatch”的操作。
     1>来自项目“C:\Users\11584\Desktop\Git\ICS2\icsstudio\ICSStudio\ICSStudioUI\ICSStudioUI.vcxproj”的文件“C:\Program Files (x86)\MSBuild\Microsoft.Cpp\v4.0\V140\Microsoft.CppCommon.targets”中的目标“PreLinkEvent”(目标“_Link”依赖于它):
       由于 false 条件，已跳过任务“Message”；('%(PreLinkEvent.Message)' != '' and '%(PreLinkEvent.Command)' != '')计算为('' != '' and '' != '')。
       由于 false 条件，已跳过任务“Exec”；('%(PreLinkEvent.Command)' != '')计算为('' != '')。
     1>已完成在项目“ICSStudioUI.vcxproj”中生成目标“PreLinkEvent”的操作。
     1>来自项目“C:\Users\11584\Desktop\Git\ICS2\icsstudio\ICSStudio\ICSStudioUI\ICSStudioUI.vcxproj”的文件“C:\Program Files (x86)\MSBuild\Microsoft.Cpp\v4.0\V140\Microsoft.CppCommon.targets”中的目标“ComputeLinkSwitches”(目标“Link”依赖于它):
     1>已完成在项目“ICSStudioUI.vcxproj”中生成目标“ComputeLinkSwitches”的操作。
     1>来自项目“C:\Users\11584\Desktop\Git\ICS2\icsstudio\ICSStudio\ICSStudioUI\ICSStudioUI.vcxproj”的文件“C:\Program Files (x86)\MSBuild\Microsoft.Cpp\v4.0\V140\Microsoft.CppCommon.targets”中的目标“Link”(目标“_Link”依赖于它):
       正在使用程序集“C:\Program Files (x86)\MSBuild\Microsoft.Cpp\v4.0\V140\Microsoft.Build.CppTasks.Common.dll”中的“Link”任务。
       任务“Link”
         传递给工具的环境变量为:
           VS_UNICODE_OUTPUT=3444
         C:\Program Files (x86)\Microsoft Visual Studio 14.0\VC\bin\link.exe /ERRORREPORT:PROMPT /OUT:"C:\Users\11584\Desktop\Git\ICS2\icsstudio\Debug\1033\ICSStudioUI.dll" /INCREMENTAL /NOLOGO kernel32.lib user32.lib gdi32.lib winspool.lib comdlg32.lib advapi32.lib shell32.lib ole32.lib oleaut32.lib uuid.lib odbc32.lib odbccp32.lib /MANIFEST /MANIFESTUAC:"level='asInvoker' uiAccess='false'" /manifest:embed /DEBUG /PDB:"C:\Users\11584\Desktop\Git\ICS2\icsstudio\Debug\1033\ICSStudioUI.pdb" /SUBSYSTEM:WINDOWS /TLBID:1 /NOENTRY /DYNAMICBASE:NO /IMPLIB:"C:\Users\11584\Desktop\Git\ICS2\icsstudio\Debug\1033\ICSStudioUI.lib" /MACHINE:X86 /SAFESEH /DLL Debug\ICSStudioUI.res
         Tracking command:
         C:\Program Files (x86)\MSBuild\14.0\bin\Tracker.exe /a /d "C:\Program Files (x86)\MSBuild\14.0\bin\FileTracker32.dll" /i C:\Users\11584\Desktop\Git\ICS2\icsstudio\ICSStudio\ICSStudioUI\Debug\ICSStudioUI.tlog /r C:\USERS\11584\DESKTOP\GIT\ICS2\ICSSTUDIO\ICSSTUDIO\ICSSTUDIOUI\DEBUG\ICSSTUDIOUI.RES /b MSBuildConsole_CancelEventef0f1fdc3100491a8486710c35001528  /c "C:\Program Files (x86)\Microsoft Visual Studio 14.0\VC\bin\link.exe"  /ERRORREPORT:PROMPT /OUT:"C:\Users\11584\Desktop\Git\ICS2\icsstudio\Debug\1033\ICSStudioUI.dll" /INCREMENTAL /NOLOGO kernel32.lib user32.lib gdi32.lib winspool.lib comdlg32.lib advapi32.lib shell32.lib ole32.lib oleaut32.lib uuid.lib odbc32.lib odbccp32.lib /MANIFEST /MANIFESTUAC:"level='asInvoker' uiAccess='false'" /manifest:embed /DEBUG /PDB:"C:\Users\11584\Desktop\Git\ICS2\icsstudio\Debug\1033\ICSStudioUI.pdb" /SUBSYSTEM:WINDOWS /TLBID:1 /NOENTRY /DYNAMICBASE:NO /IMPLIB:"C:\Users\11584\Desktop\Git\ICS2\icsstudio\Debug\1033\ICSStudioUI.lib" /MACHINE:X86 /SAFESEH /DLL Debug\ICSStudioUI.res
       已完成执行任务“Link”的操作。
       任务“Message”
         ICSStudioUI.vcxproj -> C:\Users\11584\Desktop\Git\ICS2\icsstudio\Debug\1033\ICSStudioUI.dll
       已完成执行任务“Message”的操作。
       由于 false 条件，已跳过任务“Message”；(('$(EmbedManifestBy)' != 'LINK' or '$(LegacyManifestEmbedding)' != 'true' or '$(LinkSkippedExecution)' == 'true') and
                    %(Link.GenerateDebugInformation) == 'DebugFastLink')计算为(('LINK' != 'LINK' or '' != 'true' or 'False' == 'true') and
                    true == 'DebugFastLink')。
       任务“Message”
         ICSStudioUI.vcxproj -> C:\Users\11584\Desktop\Git\ICS2\icsstudio\Debug\1033\ICSStudioUI.pdb (Full PDB)
       已完成执行任务“Message”的操作。
     1>已完成在项目“ICSStudioUI.vcxproj”中生成目标“Link”的操作。
       由于条件的计算结果为 false，已跳过目标“MetaGenInputsOutputs”；('$(EnableManagedIncrementalBuild)' == 'True')的计算结果为('false' == 'True')。
       由于条件的计算结果为 false，已跳过目标“ComputeMetaGenInputs”；('$(CLRSupport)'!='' and '$(CLRSupport)'!='false')的计算结果为('false'!='' and 'false'!='false')。
       由于条件的计算结果为 false，已跳过目标“MetaGen”；('@(MetaGen)' != '')的计算结果为('' != '')。
     1>来自项目“C:\Users\11584\Desktop\Git\ICS2\icsstudio\ICSStudio\ICSStudioUI\ICSStudioUI.vcxproj”的文件“C:\Program Files (x86)\MSBuild\Microsoft.Cpp\v4.0\V140\Microsoft.CppBuild.targets”中的目标“ComputeLinkImportLibraryOutputsForClean”(目标“_Link”依赖于它):
       由于 false 条件，已跳过任务“WriteLinesToFile”；('@(_LinkSecondaryOutput)' != '')计算为('' != '')。
     1>已完成在项目“ICSStudioUI.vcxproj”中生成目标“ComputeLinkImportLibraryOutputsForClean”的操作。
     1>来自项目“C:\Users\11584\Desktop\Git\ICS2\icsstudio\ICSStudio\ICSStudioUI\ICSStudioUI.vcxproj”的文件“C:\Program Files (x86)\MSBuild\Microsoft.Cpp\v4.0\V140\Microsoft.CppBuild.targets”中的目标“AfterLink”(目标“_Link”依赖于它):
     1>已完成在项目“ICSStudioUI.vcxproj”中生成目标“AfterLink”的操作。
     1>来自项目“C:\Users\11584\Desktop\Git\ICS2\icsstudio\ICSStudio\ICSStudioUI\ICSStudioUI.vcxproj”的文件“C:\Program Files (x86)\MSBuild\Microsoft.Cpp\v4.0\V140\Microsoft.CppBuild.targets”中的目标“_Link”(目标“_BuildLinkAction”依赖于它):
     1>已完成在项目“ICSStudioUI.vcxproj”中生成目标“_Link”的操作。
     1>来自项目“C:\Users\11584\Desktop\Git\ICS2\icsstudio\ICSStudio\ICSStudioUI\ICSStudioUI.vcxproj”的文件“C:\Program Files (x86)\MSBuild\Microsoft.Cpp\v4.0\V140\Microsoft.CppBuild.targets”中的目标“_ALink”(目标“_BuildLinkAction”依赖于它):
     1>已完成在项目“ICSStudioUI.vcxproj”中生成目标“_ALink”的操作。
       已跳过目标“ComputeLegacyManifestEmbedding”。以前的生成已成功。
     1>来自项目“C:\Users\11584\Desktop\Git\ICS2\icsstudio\ICSStudio\ICSStudioUI\ICSStudioUI.vcxproj”的文件“C:\Program Files (x86)\MSBuild\Microsoft.Cpp\v4.0\V140\Microsoft.CppBuild.targets”中的目标“_Manifest”(目标“_BuildLinkAction”依赖于它):
       由于 false 条件，已跳过任务“CallTarget”；('$(LegacyManifestEmbedding)' == 'true')计算为('' == 'true')。
     1>已完成在项目“ICSStudioUI.vcxproj”中生成目标“_Manifest”的操作。
     1>来自项目“C:\Users\11584\Desktop\Git\ICS2\icsstudio\ICSStudio\ICSStudioUI\ICSStudioUI.vcxproj”的文件“C:\Program Files (x86)\MSBuild\Microsoft.Cpp\v4.0\V140\Microsoft.CppCommon.targets”中的目标“RegisterOutput”(目标“_BuildLinkAction”依赖于它):
       由于 false 条件，已跳过任务“Exec”；('$(ConfigurationType)'=='DynamicLibrary' and '%(Link.RegisterOutput)'=='true' and '%(Link.PerUserRedirection)'!='true')计算为('DynamicLibrary'=='DynamicLibrary' and 'false'=='true' and 'false'!='true')。
       由于 false 条件，已跳过任务“Exec”；('$(ConfigurationType)'=='DynamicLibrary' and '%(Link.RegisterOutput)'=='true' and '%(Link.PerUserRedirection)'=='true')计算为('DynamicLibrary'=='DynamicLibrary' and 'false'=='true' and 'false'=='true')。
       由于 false 条件，已跳过任务“Exec”；('$(ConfigurationType)'=='Application' and '%(Link.RegisterOutput)'=='true' and '%(Link.PerUserRedirection)'!='true')计算为('DynamicLibrary'=='Application' and 'false'=='true' and 'false'!='true')。
       由于 false 条件，已跳过任务“Exec”；('$(ConfigurationType)'=='Application' and '%(Link.RegisterOutput)'=='true' and '%(Link.PerUserRedirection)'=='true')计算为('DynamicLibrary'=='Application' and 'false'=='true' and 'false'=='true')。
       由于 false 条件，已跳过任务“VCMessage”；('$(_RegisterOutputExitCode)' != '' and '$(_RegisterOutputExitCode)' != '0')计算为('' != '' and '' != '0')。
     1>已完成在项目“ICSStudioUI.vcxproj”中生成目标“RegisterOutput”的操作。
       已跳过目标“PrepareForBuild”。以前的生成已成功。
       已跳过目标“ResolveReferences”。以前的生成已成功。
     1>来自项目“C:\Users\11584\Desktop\Git\ICS2\icsstudio\ICSStudio\ICSStudioUI\ICSStudioUI.vcxproj”的文件“C:\Program Files (x86)\MSBuild\Microsoft.Cpp\v4.0\V140\Microsoft.CppBuild.targets”中的目标“ResolvedXDCMake”(目标“_XdcMake”依赖于它):
       由于 false 条件，已跳过任务“MSBuild”；('%(_MSBuildProjectReferenceExistent.Extension)' == '.vcxproj' and '@(ProjectReferenceWithConfiguration)' != '' and '@(_MSBuildProjectReferenceExistent)' != '' and '$(_ClCompileGenerateXMLDocumentationFiles)' == 'true')计算为('' == '.vcxproj' and '' != '' and '' != '' and '' == 'true')。
     1>已完成在项目“ICSStudioUI.vcxproj”中生成目标“ResolvedXDCMake”的操作。
     1>来自项目“C:\Users\11584\Desktop\Git\ICS2\icsstudio\ICSStudio\ICSStudioUI\ICSStudioUI.vcxproj”的文件“C:\Program Files (x86)\MSBuild\Microsoft.Cpp\v4.0\V140\Microsoft.CppBuild.targets”中的目标“ComputeCLCompileGeneratedXDCFiles”(目标“_XdcMake”依赖于它):
     1>已完成在项目“ICSStudioUI.vcxproj”中生成目标“ComputeCLCompileGeneratedXDCFiles”的操作。
     1>来自项目“C:\Users\11584\Desktop\Git\ICS2\icsstudio\ICSStudio\ICSStudioUI\ICSStudioUI.vcxproj”的文件“C:\Program Files (x86)\MSBuild\Microsoft.Cpp\v4.0\V140\Microsoft.CppBuild.targets”中的目标“MakeDirsForXdcMake”(目标“_XdcMake”依赖于它):
       任务“MakeDir”
       已完成执行任务“MakeDir”的操作。
     1>已完成在项目“ICSStudioUI.vcxproj”中生成目标“MakeDirsForXdcMake”的操作。
       由于条件的计算结果为 false，已跳过目标“XdcMake”；('@(XdcMake)' != '')的计算结果为('' != '')。
     1>来自项目“C:\Users\11584\Desktop\Git\ICS2\icsstudio\ICSStudio\ICSStudioUI\ICSStudioUI.vcxproj”的文件“C:\Program Files (x86)\MSBuild\Microsoft.Cpp\v4.0\V140\Microsoft.CppBuild.targets”中的目标“_XdcMake”(目标“_BuildLinkAction”依赖于它):
     1>已完成在项目“ICSStudioUI.vcxproj”中生成目标“_XdcMake”的操作。
     1>来自项目“C:\Users\11584\Desktop\Git\ICS2\icsstudio\ICSStudio\ICSStudioUI\ICSStudioUI.vcxproj”的文件“C:\Program Files (x86)\MSBuild\Microsoft.Cpp\v4.0\V140\Microsoft.CppBuild.targets”中的目标“ComputeCLCompileGeneratedSbrFiles”(目标“_BscMake”依赖于它):
     1>已完成在项目“ICSStudioUI.vcxproj”中生成目标“ComputeCLCompileGeneratedSbrFiles”的操作。
     1>来自项目“C:\Users\11584\Desktop\Git\ICS2\icsstudio\ICSStudio\ICSStudioUI\ICSStudioUI.vcxproj”的文件“C:\Program Files (x86)\MSBuild\Microsoft.Cpp\v4.0\V140\Microsoft.CppBuild.targets”中的目标“MakeDirsForBscMake”(目标“_BscMake”依赖于它):
       任务“MakeDir”
       已完成执行任务“MakeDir”的操作。
     1>已完成在项目“ICSStudioUI.vcxproj”中生成目标“MakeDirsForBscMake”的操作。
       由于条件的计算结果为 false，已跳过目标“BscMake”；('@(BscMake)' != '')的计算结果为('' != '')。
       由于条件的计算结果为 false，已跳过目标“CustomBuildStep”；('@(CustomBuildStep)' != '' and '$(SelectedFiles)'=='')的计算结果为('' != '' and ''=='')。
     1>来自项目“C:\Users\11584\Desktop\Git\ICS2\icsstudio\ICSStudio\ICSStudioUI\ICSStudioUI.vcxproj”的文件“C:\Program Files (x86)\MSBuild\Microsoft.Cpp\v4.0\V140\Microsoft.CppBuild.targets”中的目标“_BscMake”(目标“_BuildLinkAction”依赖于它):
     1>已完成在项目“ICSStudioUI.vcxproj”中生成目标“_BscMake”的操作。
       由于条件的计算结果为 false，已跳过目标“IsolatedShellFiles”；('$(BuildingProject)' != 'false' And '@(IsolatedShellFiles)' != '')的计算结果为('true' != 'false' And '' != '')。
       由于条件的计算结果为 false，已跳过目标“RegisterStubTarget”；('$(ShellDTEGuid)' != '')的计算结果为('' != '')。
     1>来自项目“C:\Users\11584\Desktop\Git\ICS2\icsstudio\ICSStudio\ICSStudioUI\ICSStudioUI.vcxproj”的文件“C:\Program Files (x86)\MSBuild\Microsoft\VisualStudio\v14.0\VSSDK\Microsoft.VsSDK.Common.targets”中的目标“_VsixCleanRecordFileWrites”(目标“_BuildLinkAction”依赖于它):
       任务“ReadLinesFromFile”
       已完成执行任务“ReadLinesFromFile”的操作。
       任务“RemoveDuplicates”
       已完成执行任务“RemoveDuplicates”的操作。
       任务“MakeDir”
       已完成执行任务“MakeDir”的操作。
       任务“WriteLinesToFile”
       已完成执行任务“WriteLinesToFile”的操作。
     1>已完成在项目“ICSStudioUI.vcxproj”中生成目标“_VsixCleanRecordFileWrites”的操作。
       由于条件的计算结果为 false，已跳过目标“RunMergeNativeCodeAnalysis”；('$(Language)'=='C++' and '$(RunCodeAnalysisOnThisProject)'=='true')的计算结果为('C++'=='C++' and ''=='true')。
       由于条件的计算结果为 false，已跳过目标“RunNativeCodeAnalysis”；('$(Language)'=='C++' and '$(RunCodeAnalysisOnThisProject)'=='true')的计算结果为('C++'=='C++' and ''=='true')。
     1>来自项目“C:\Users\11584\Desktop\Git\ICS2\icsstudio\ICSStudio\ICSStudioUI\ICSStudioUI.vcxproj”的文件“C:\Program Files (x86)\MSBuild\14.0\bin\Microsoft.Common.CurrentVersion.targets”中的目标“_GenerateSatelliteAssemblyInputs”(目标“CreateSatelliteAssemblies”依赖于它):
       由于 false 条件，已跳过任务“Warning”；('@(ManifestResourceWithCulture)'!='' and '%(ManifestResourceWithCulture.EmittedForCompatibilityOnly)'=='')计算为(''!='' and ''=='')。
       由于 false 条件，已跳过任务“Warning”；('@(ManifestNonResxWithCultureOnDisk)'!='' and '%(ManifestNonResxWithCultureOnDisk.EmittedForCompatibilityOnly)'=='')计算为(''!='' and ''=='')。
     1>已完成在项目“ICSStudioUI.vcxproj”中生成目标“_GenerateSatelliteAssemblyInputs”的操作。
       由于条件的计算结果为 false，已跳过目标“ComputeIntermediateSatelliteAssemblies”；(@(ReferenceSatellitePaths->'%(DestinationSubDirectory)') != '')的计算结果为( != '')。
       由于条件的计算结果为 false，已跳过目标“GenerateSatelliteAssemblies”；('@(_SatelliteAssemblyResourceInputs)' != '')的计算结果为('' != '')。
     1>来自项目“C:\Users\11584\Desktop\Git\ICS2\icsstudio\ICSStudio\ICSStudioUI\ICSStudioUI.vcxproj”的文件“C:\Program Files (x86)\MSBuild\14.0\bin\Microsoft.Common.CurrentVersion.targets”中的目标“CreateSatelliteAssemblies”(目标“_BuildLinkAction”依赖于它):
     1>已完成在项目“ICSStudioUI.vcxproj”中生成目标“CreateSatelliteAssemblies”的操作。
     1>来自项目“C:\Users\11584\Desktop\Git\ICS2\icsstudio\ICSStudio\ICSStudioUI\ICSStudioUI.vcxproj”的文件“C:\Program Files (x86)\MSBuild\Microsoft.Cpp\v4.0\V140\Microsoft.CppBuild.targets”中的目标“_Appverifier”(目标“_BuildLinkAction”依赖于它):
     1>已完成在项目“ICSStudioUI.vcxproj”中生成目标“_Appverifier”的操作。
     1>来自项目“C:\Users\11584\Desktop\Git\ICS2\icsstudio\ICSStudio\ICSStudioUI\ICSStudioUI.vcxproj”的文件“C:\Program Files (x86)\MSBuild\Microsoft.Cpp\v4.0\V140\Microsoft.CppBuild.targets”中的目标“_Deploy”(目标“_BuildLinkAction”依赖于它):
     1>已完成在项目“ICSStudioUI.vcxproj”中生成目标“_Deploy”的操作。
       由于条件的计算结果为 false，已跳过目标“ComputeIntermediateSatelliteAssemblies”；(@(ReferenceSatellitePaths->'%(DestinationSubDirectory)') != '')的计算结果为( != '')。
       由于条件的计算结果为 false，已跳过目标“_CopyFilesMarkedCopyLocal”；('@(ReferenceCopyLocalPaths)' != '')的计算结果为('' != '')。
       已跳过目标“AssignTargetPaths”。以前的生成已成功。
       已跳过目标“_SplitProjectReferencesByFileExistence”。以前的生成已成功。
     1>来自项目“C:\Users\11584\Desktop\Git\ICS2\icsstudio\ICSStudio\ICSStudioUI\ICSStudioUI.vcxproj”的文件“C:\Windows\Microsoft.NET\Framework\v4.0.30319\Microsoft.Xaml.targets”中的目标“GetCopyToOutputDirectoryXamlAppDefs”(目标“GetCopyToOutputDirectoryItems”依赖于它):
       任务“AssignTargetPath”
       已完成执行任务“AssignTargetPath”的操作。
     1>已完成在项目“ICSStudioUI.vcxproj”中生成目标“GetCopyToOutputDirectoryXamlAppDefs”的操作。
     1>来自项目“C:\Users\11584\Desktop\Git\ICS2\icsstudio\ICSStudio\ICSStudioUI\ICSStudioUI.vcxproj”的文件“C:\Program Files (x86)\MSBuild\14.0\bin\Microsoft.Common.CurrentVersion.targets”中的目标“GetCopyToOutputDirectoryItems”(目标“_CopySourceItemsToOutputDirectory”依赖于它):
       由于 false 条件，已跳过任务“MSBuild”；('@(_MSBuildProjectReferenceExistent)' != '' and '$(_GetChildProjectCopyToOutputDirectoryItems)' == 'true' and '%(_MSBuildProjectReferenceExistent.Private)' != 'false' and '$(UseCommonOutputDirectory)' != 'true')计算为('' != '' and 'true' == 'true' and '' != 'false' and 'false' != 'true')。
       任务“AssignTargetPath”
       已完成执行任务“AssignTargetPath”的操作。
     1>已完成在项目“ICSStudioUI.vcxproj”中生成目标“GetCopyToOutputDirectoryItems”的操作。
       由于条件的计算结果为 false，已跳过目标“_CopyOutOfDateSourceItemsToOutputDirectory”；( '@(_SourceItemsToCopyToOutputDirectory)' != '' )的计算结果为( '' != '' )。
       由于条件的计算结果为 false，已跳过目标“_CopyOutOfDateSourceItemsToOutputDirectoryAlways”；( '@(_SourceItemsToCopyToOutputDirectoryAlways)' != '' )的计算结果为( '' != '' )。
     1>来自项目“C:\Users\11584\Desktop\Git\ICS2\icsstudio\ICSStudio\ICSStudioUI\ICSStudioUI.vcxproj”的文件“C:\Program Files (x86)\MSBuild\14.0\bin\Microsoft.Common.CurrentVersion.targets”中的目标“_CopySourceItemsToOutputDirectory”(目标“CopyFilesToOutputDirectory”依赖于它):
     1>已完成在项目“ICSStudioUI.vcxproj”中生成目标“_CopySourceItemsToOutputDirectory”的操作。
       由于条件的计算结果为 false，已跳过目标“_CopyAppConfigFile”；( '@(AppConfigWithTargetPath)' != '' )的计算结果为( '' != '' )。
       由于条件的计算结果为 false，已跳过目标“_CopyManifestFiles”；( '$(_DeploymentCopyApplicationManifest)'=='true' or '$(GenerateClickOnceManifests)'=='true' )的计算结果为( ''=='true' or ''=='true' )。
     1>来自项目“C:\Users\11584\Desktop\Git\ICS2\icsstudio\ICSStudio\ICSStudioUI\ICSStudioUI.vcxproj”的文件“C:\Program Files (x86)\MSBuild\14.0\bin\Microsoft.Common.CurrentVersion.targets”中的目标“_CheckForCompileOutputs”(目标“CopyFilesToOutputDirectory”依赖于它):
     1>已完成在项目“ICSStudioUI.vcxproj”中生成目标“_CheckForCompileOutputs”的操作。
       由于条件的计算结果为 false，已跳过目标“_SGenCheckForOutputs”；('$(_SGenGenerateSerializationAssembliesConfig)' == 'On' or ('@(WebReferenceUrl)'!='' and '$(_SGenGenerateSerializationAssembliesConfig)' == 'Auto'))的计算结果为('Off' == 'On' or (''!='' and 'Off' == 'Auto'))。
     1>来自项目“C:\Users\11584\Desktop\Git\ICS2\icsstudio\ICSStudio\ICSStudioUI\ICSStudioUI.vcxproj”的文件“C:\Program Files (x86)\MSBuild\14.0\bin\Microsoft.Common.CurrentVersion.targets”中的目标“CopyFilesToOutputDirectory”(目标“PrepareForRun”依赖于它):
       由于 false 条件，已跳过任务“Copy”；('$(CopyBuildOutputToOutputDirectory)' == 'true' and '$(SkipCopyBuildProduct)' != 'true')计算为('true' == 'true' and 'true' != 'true')。
       由于 false 条件，已跳过任务“Message”；('$(CopyBuildOutputToOutputDirectory)' == 'true' and '$(SkipCopyBuildProduct)'!='true')计算为('true' == 'true' and 'true'!='true')。
       由于 false 条件，已跳过任务“Copy”；('@(AddModules)' != '')计算为('' != '')。
       由于 false 条件，已跳过任务“Copy”；('$(_SGenDllCreated)'=='true')计算为('false'=='true')。
       由于 false 条件，已跳过任务“Copy”；('$(_DebugSymbolsProduced)'=='true' and '$(SkipCopyingSymbolsToOutputDirectory)' != 'true' and '$(CopyOutputSymbolsToOutputDirectory)'=='true')计算为('false'=='true' and '' != 'true' and 'true'=='true')。
       由于 false 条件，已跳过任务“Copy”；('$(_DocumentationFileProduced)'=='true')计算为('false'=='true')。
       由于 false 条件，已跳过任务“Copy”；('@(IntermediateSatelliteAssembliesWithTargetPath)' != '')计算为('' != '')。
       由于 false 条件，已跳过任务“Copy”；('@(ReferenceComWrappersToCopyLocal)' != '' or '@(ResolvedIsolatedComModules)' != '' or '@(_DeploymentLooseManifestFile)' != '' or '@(NativeReferenceFile)' != '' )计算为('' != '' or '' != '' or '' != '' or '' != '' )。
       由于 false 条件，已跳过任务“Copy”；('$(SkipCopyWinMDArtifact)' != 'true' and '@(WinMDExpArtifacts)' != '')计算为('' != 'true' and '' != '')。
       由于 false 条件，已跳过任务“Message”；('$(SkipCopyWinMDArtifact)' != 'true' and '$(_WindowsMetadataOutputPath)' != '')计算为('' != 'true' and '' != '')。
     1>已完成在项目“ICSStudioUI.vcxproj”中生成目标“CopyFilesToOutputDirectory”的操作。
     1>来自项目“C:\Users\11584\Desktop\Git\ICS2\icsstudio\ICSStudio\ICSStudioUI\ICSStudioUI.vcxproj”的文件“C:\Program Files (x86)\MSBuild\14.0\bin\Microsoft.Common.CurrentVersion.targets”中的目标“PrepareForRun”(目标“_BuildLinkAction”依赖于它):
     1>已完成在项目“ICSStudioUI.vcxproj”中生成目标“PrepareForRun”的操作。
       由于条件的计算结果为 false，已跳过目标“CustomBuildStep”；('@(CustomBuildStep)' != '' and '$(SelectedFiles)'=='')的计算结果为('' != '' and ''=='')。
     1>来自项目“C:\Users\11584\Desktop\Git\ICS2\icsstudio\ICSStudio\ICSStudioUI\ICSStudioUI.vcxproj”的文件“C:\Program Files (x86)\MSBuild\Microsoft.Cpp\v4.0\V140\Microsoft.CppCommon.targets”中的目标“PostBuildEvent”(目标“_BuildLinkAction”依赖于它):
       由于 false 条件，已跳过任务“Message”；('%(PostBuildEvent.Message)' != '' and '%(PostBuildEvent.Command)' != '')计算为('' != '' and '' != '')。
       由于 false 条件，已跳过任务“Exec”；('%(PostBuildEvent.Command)' != '')计算为('' != '')。
     1>已完成在项目“ICSStudioUI.vcxproj”中生成目标“PostBuildEvent”的操作。
     1>来自项目“C:\Users\11584\Desktop\Git\ICS2\icsstudio\ICSStudio\ICSStudioUI\ICSStudioUI.vcxproj”的文件“C:\Program Files (x86)\MSBuild\Microsoft.Cpp\v4.0\V140\Microsoft.CppBuild.targets”中的目标“_BuildLinkAction”(目标“BuildLink”依赖于它):
     1>已完成在项目“ICSStudioUI.vcxproj”中生成目标“_BuildLinkAction”的操作。
     1>来自项目“C:\Users\11584\Desktop\Git\ICS2\icsstudio\ICSStudio\ICSStudioUI\ICSStudioUI.vcxproj”的文件“C:\Program Files (x86)\MSBuild\14.0\bin\Microsoft.Common.CurrentVersion.targets”中的目标“BuildLink”(目标“Build”依赖于它):
     1>已完成在项目“ICSStudioUI.vcxproj”中生成目标“BuildLink”的操作。
       由于条件的计算结果为 false，已跳过目标“CreateTfsBuildInfoResource”；( $(AddBuildInfoToAssembly)==true )的计算结果为( false==true )。
     1>来自项目“C:\Users\11584\Desktop\Git\ICS2\icsstudio\ICSStudio\ICSStudioUI\ICSStudioUI.vcxproj”的文件“C:\Program Files (x86)\MSBuild\Microsoft.Cpp\v4.0\V140\Microsoft.BuildSteps.Targets”中的目标“AfterBuild”(目标“Build”依赖于它):
     1>已完成在项目“ICSStudioUI.vcxproj”中生成目标“AfterBuild”的操作。
     1>来自项目“C:\Users\11584\Desktop\Git\ICS2\icsstudio\ICSStudio\ICSStudioUI\ICSStudioUI.vcxproj”的文件“C:\Program Files (x86)\MSBuild\Microsoft.Cpp\v4.0\V140\Microsoft.CppBuild.targets”中的目标“FinalizeBuildStatus”(目标“Build”依赖于它):
       任务“Delete”
         正在删除文件“Debug\ICSStudioUI.tlog\unsuccessfulbuild”。
       已完成执行任务“Delete”的操作。
       任务“Touch”
         正在对“Debug\ICSStudioUI.tlog\ICSStudioUI.lastbuildstate”执行 Touch 任务。
       已完成执行任务“Touch”的操作。
     1>已完成在项目“ICSStudioUI.vcxproj”中生成目标“FinalizeBuildStatus”的操作。
     1>来自项目“C:\Users\11584\Desktop\Git\ICS2\icsstudio\ICSStudio\ICSStudioUI\ICSStudioUI.vcxproj”的文件“C:\Program Files (x86)\MSBuild\Microsoft.Cpp\v4.0\V140\Microsoft.BuildSteps.Targets”中的目标“Build”(入口点):
     1>已完成在项目“ICSStudioUI.vcxproj”中生成目标“Build”的操作。
     1>已完成生成项目“C:\Users\11584\Desktop\Git\ICS2\icsstudio\ICSStudio\ICSStudioUI\ICSStudioUI.vcxproj”(Build 个目标)的操作。

已成功生成。

已用时间 00:00:03.74
